{"E:\\project\\server\\src\\controllers\\auth.controller.js": {"path":"E:\\project\\server\\src\\controllers\\auth.controller.js","statementMap":{"0":{"start":{"line":9,"column":24},"end":{"line":51,"column":1}},"1":{"start":{"line":10,"column":2},"end":{"line":50,"column":3}},"2":{"start":{"line":12,"column":19},"end":{"line":12,"column":40}},"3":{"start":{"line":13,"column":4},"end":{"line":18,"column":5}},"4":{"start":{"line":14,"column":6},"end":{"line":17,"column":9}},"5":{"start":{"line":20,"column":40},"end":{"line":20,"column":48}},"6":{"start":{"line":23,"column":26},"end":{"line":23,"column":69}},"7":{"start":{"line":24,"column":4},"end":{"line":29,"column":5}},"8":{"start":{"line":25,"column":6},"end":{"line":28,"column":9}},"9":{"start":{"line":32,"column":20},"end":{"line":36,"column":6}},"10":{"start":{"line":39,"column":4},"end":{"line":47,"column":7}},"11":{"start":{"line":49,"column":4},"end":{"line":49,"column":16}},"12":{"start":{"line":54,"column":21},"end":{"line":105,"column":1}},"13":{"start":{"line":55,"column":2},"end":{"line":104,"column":3}},"14":{"start":{"line":57,"column":19},"end":{"line":57,"column":40}},"15":{"start":{"line":58,"column":4},"end":{"line":63,"column":5}},"16":{"start":{"line":59,"column":6},"end":{"line":62,"column":9}},"17":{"start":{"line":65,"column":32},"end":{"line":65,"column":40}},"18":{"start":{"line":68,"column":20},"end":{"line":68,"column":63}},"19":{"start":{"line":69,"column":4},"end":{"line":74,"column":5}},"20":{"start":{"line":70,"column":6},"end":{"line":73,"column":9}},"21":{"start":{"line":77,"column":27},"end":{"line":77,"column":66}},"22":{"start":{"line":78,"column":4},"end":{"line":83,"column":5}},"23":{"start":{"line":79,"column":6},"end":{"line":82,"column":9}},"24":{"start":{"line":86,"column":18},"end":{"line":90,"column":5}},"25":{"start":{"line":92,"column":4},"end":{"line":101,"column":7}},"26":{"start":{"line":103,"column":4},"end":{"line":103,"column":16}},"27":{"start":{"line":108,"column":22},"end":{"line":115,"column":1}},"28":{"start":{"line":111,"column":2},"end":{"line":114,"column":5}},"29":{"start":{"line":118,"column":26},"end":{"line":141,"column":1}},"30":{"start":{"line":119,"column":2},"end":{"line":140,"column":3}},"31":{"start":{"line":121,"column":19},"end":{"line":121,"column":34}},"32":{"start":{"line":123,"column":20},"end":{"line":125,"column":6}},"33":{"start":{"line":127,"column":4},"end":{"line":132,"column":5}},"34":{"start":{"line":128,"column":6},"end":{"line":131,"column":9}},"35":{"start":{"line":134,"column":4},"end":{"line":137,"column":7}},"36":{"start":{"line":139,"column":4},"end":{"line":139,"column":16}},"37":{"start":{"line":144,"column":36},"end":{"line":194,"column":1}},"38":{"start":{"line":145,"column":2},"end":{"line":193,"column":3}},"39":{"start":{"line":146,"column":19},"end":{"line":146,"column":40}},"40":{"start":{"line":147,"column":4},"end":{"line":152,"column":5}},"41":{"start":{"line":148,"column":6},"end":{"line":151,"column":9}},"42":{"start":{"line":154,"column":22},"end":{"line":154,"column":30}},"43":{"start":{"line":157,"column":20},"end":{"line":157,"column":63}},"44":{"start":{"line":158,"column":4},"end":{"line":164,"column":5}},"45":{"start":{"line":160,"column":6},"end":{"line":163,"column":9}},"46":{"start":{"line":167,"column":4},"end":{"line":170,"column":6}},"47":{"start":{"line":173,"column":17},"end":{"line":173,"column":71}},"48":{"start":{"line":176,"column":22},"end":{"line":176,"column":59}},"49":{"start":{"line":177,"column":4},"end":{"line":181,"column":7}},"50":{"start":{"line":184,"column":4},"end":{"line":184,"column":40}},"51":{"start":{"line":186,"column":4},"end":{"line":189,"column":7}},"52":{"start":{"line":191,"column":4},"end":{"line":191,"column":59}},"53":{"start":{"line":192,"column":4},"end":{"line":192,"column":16}},"54":{"start":{"line":197,"column":29},"end":{"line":253,"column":1}},"55":{"start":{"line":198,"column":2},"end":{"line":252,"column":3}},"56":{"start":{"line":199,"column":19},"end":{"line":199,"column":40}},"57":{"start":{"line":200,"column":4},"end":{"line":205,"column":5}},"58":{"start":{"line":201,"column":6},"end":{"line":204,"column":9}},"59":{"start":{"line":207,"column":41},"end":{"line":207,"column":49}},"60":{"start":{"line":210,"column":25},"end":{"line":219,"column":6}},"61":{"start":{"line":221,"column":4},"end":{"line":226,"column":5}},"62":{"start":{"line":222,"column":6},"end":{"line":225,"column":9}},"63":{"start":{"line":229,"column":20},"end":{"line":229,"column":63}},"64":{"start":{"line":230,"column":4},"end":{"line":235,"column":5}},"65":{"start":{"line":231,"column":6},"end":{"line":234,"column":9}},"66":{"start":{"line":238,"column":4},"end":{"line":238,"column":35}},"67":{"start":{"line":239,"column":4},"end":{"line":239,"column":25}},"68":{"start":{"line":242,"column":4},"end":{"line":242,"column":29}},"69":{"start":{"line":243,"column":4},"end":{"line":243,"column":30}},"70":{"start":{"line":245,"column":4},"end":{"line":248,"column":7}},"71":{"start":{"line":250,"column":4},"end":{"line":250,"column":52}},"72":{"start":{"line":251,"column":4},"end":{"line":251,"column":16}}},"fnMap":{"0":{"name":"(anonymous_0)","decl":{"start":{"line":9,"column":24},"end":{"line":9,"column":25}},"loc":{"start":{"line":9,"column":50},"end":{"line":51,"column":1}},"line":9},"1":{"name":"(anonymous_1)","decl":{"start":{"line":54,"column":21},"end":{"line":54,"column":22}},"loc":{"start":{"line":54,"column":47},"end":{"line":105,"column":1}},"line":54},"2":{"name":"(anonymous_2)","decl":{"start":{"line":108,"column":22},"end":{"line":108,"column":23}},"loc":{"start":{"line":108,"column":36},"end":{"line":115,"column":1}},"line":108},"3":{"name":"(anonymous_3)","decl":{"start":{"line":118,"column":26},"end":{"line":118,"column":27}},"loc":{"start":{"line":118,"column":52},"end":{"line":141,"column":1}},"line":118},"4":{"name":"(anonymous_4)","decl":{"start":{"line":144,"column":36},"end":{"line":144,"column":37}},"loc":{"start":{"line":144,"column":62},"end":{"line":194,"column":1}},"line":144},"5":{"name":"(anonymous_5)","decl":{"start":{"line":197,"column":29},"end":{"line":197,"column":30}},"loc":{"start":{"line":197,"column":55},"end":{"line":253,"column":1}},"line":197}},"branchMap":{"0":{"loc":{"start":{"line":13,"column":4},"end":{"line":18,"column":5}},"type":"if","locations":[{"start":{"line":13,"column":4},"end":{"line":18,"column":5}},{"start":{},"end":{}}],"line":13},"1":{"loc":{"start":{"line":24,"column":4},"end":{"line":29,"column":5}},"type":"if","locations":[{"start":{"line":24,"column":4},"end":{"line":29,"column":5}},{"start":{},"end":{}}],"line":24},"2":{"loc":{"start":{"line":58,"column":4},"end":{"line":63,"column":5}},"type":"if","locations":[{"start":{"line":58,"column":4},"end":{"line":63,"column":5}},{"start":{},"end":{}}],"line":58},"3":{"loc":{"start":{"line":69,"column":4},"end":{"line":74,"column":5}},"type":"if","locations":[{"start":{"line":69,"column":4},"end":{"line":74,"column":5}},{"start":{},"end":{}}],"line":69},"4":{"loc":{"start":{"line":78,"column":4},"end":{"line":83,"column":5}},"type":"if","locations":[{"start":{"line":78,"column":4},"end":{"line":83,"column":5}},{"start":{},"end":{}}],"line":78},"5":{"loc":{"start":{"line":127,"column":4},"end":{"line":132,"column":5}},"type":"if","locations":[{"start":{"line":127,"column":4},"end":{"line":132,"column":5}},{"start":{},"end":{}}],"line":127},"6":{"loc":{"start":{"line":147,"column":4},"end":{"line":152,"column":5}},"type":"if","locations":[{"start":{"line":147,"column":4},"end":{"line":152,"column":5}},{"start":{},"end":{}}],"line":147},"7":{"loc":{"start":{"line":158,"column":4},"end":{"line":164,"column":5}},"type":"if","locations":[{"start":{"line":158,"column":4},"end":{"line":164,"column":5}},{"start":{},"end":{}}],"line":158},"8":{"loc":{"start":{"line":200,"column":4},"end":{"line":205,"column":5}},"type":"if","locations":[{"start":{"line":200,"column":4},"end":{"line":205,"column":5}},{"start":{},"end":{}}],"line":200},"9":{"loc":{"start":{"line":221,"column":4},"end":{"line":226,"column":5}},"type":"if","locations":[{"start":{"line":221,"column":4},"end":{"line":226,"column":5}},{"start":{},"end":{}}],"line":221},"10":{"loc":{"start":{"line":230,"column":4},"end":{"line":235,"column":5}},"type":"if","locations":[{"start":{"line":230,"column":4},"end":{"line":235,"column":5}},{"start":{},"end":{}}],"line":230}},"s":{"0":0,"1":0,"2":0,"3":0,"4":0,"5":0,"6":0,"7":0,"8":0,"9":0,"10":0,"11":0,"12":0,"13":0,"14":0,"15":0,"16":0,"17":0,"18":0,"19":0,"20":0,"21":0,"22":0,"23":0,"24":0,"25":0,"26":0,"27":0,"28":0,"29":0,"30":0,"31":0,"32":0,"33":0,"34":0,"35":0,"36":0,"37":0,"38":0,"39":0,"40":0,"41":0,"42":0,"43":0,"44":0,"45":0,"46":0,"47":0,"48":0,"49":0,"50":0,"51":0,"52":0,"53":0,"54":0,"55":0,"56":0,"57":0,"58":0,"59":0,"60":0,"61":0,"62":0,"63":0,"64":0,"65":0,"66":0,"67":0,"68":0,"69":0,"70":0,"71":0,"72":0},"f":{"0":0,"1":0,"2":0,"3":0,"4":0,"5":0},"b":{"0":[0,0],"1":[0,0],"2":[0,0],"3":[0,0],"4":[0,0],"5":[0,0],"6":[0,0],"7":[0,0],"8":[0,0],"9":[0,0],"10":[0,0]}}
,"E:\\project\\server\\src\\controllers\\exams.controller.js": {"path":"E:\\project\\server\\src\\controllers\\exams.controller.js","statementMap":{"0":{"start":{"line":2,"column":23},"end":{"line":2,"column":26}},"1":{"start":{"line":9,"column":26},"end":{"line":35,"column":1}},"2":{"start":{"line":10,"column":2},"end":{"line":34,"column":3}},"3":{"start":{"line":12,"column":19},"end":{"line":12,"column":40}},"4":{"start":{"line":13,"column":4},"end":{"line":18,"column":5}},"5":{"start":{"line":14,"column":6},"end":{"line":17,"column":9}},"6":{"start":{"line":20,"column":62},"end":{"line":20,"column":70}},"7":{"start":{"line":21,"column":21},"end":{"line":21,"column":70}},"8":{"start":{"line":22,"column":19},"end":{"line":22,"column":73}},"9":{"start":{"line":23,"column":17},"end":{"line":23,"column":38}},"10":{"start":{"line":24,"column":17},"end":{"line":30,"column":6}},"11":{"start":{"line":31,"column":4},"end":{"line":31,"column":44}},"12":{"start":{"line":33,"column":4},"end":{"line":33,"column":14}},"13":{"start":{"line":38,"column":25},"end":{"line":48,"column":1}},"14":{"start":{"line":39,"column":2},"end":{"line":47,"column":3}},"15":{"start":{"line":40,"column":18},"end":{"line":43,"column":6}},"16":{"start":{"line":44,"column":4},"end":{"line":44,"column":45}},"17":{"start":{"line":46,"column":4},"end":{"line":46,"column":14}},"18":{"start":{"line":51,"column":23},"end":{"line":60,"column":1}},"19":{"start":{"line":52,"column":2},"end":{"line":59,"column":3}},"20":{"start":{"line":53,"column":21},"end":{"line":53,"column":31}},"21":{"start":{"line":54,"column":17},"end":{"line":54,"column":56}},"22":{"start":{"line":55,"column":4},"end":{"line":55,"column":90}},"23":{"start":{"line":55,"column":15},"end":{"line":55,"column":90}},"24":{"start":{"line":56,"column":4},"end":{"line":56,"column":44}},"25":{"start":{"line":58,"column":4},"end":{"line":58,"column":14}},"26":{"start":{"line":63,"column":26},"end":{"line":103,"column":1}},"27":{"start":{"line":64,"column":2},"end":{"line":102,"column":3}},"28":{"start":{"line":65,"column":21},"end":{"line":65,"column":31}},"29":{"start":{"line":66,"column":50},"end":{"line":66,"column":58}},"30":{"start":{"line":68,"column":17},"end":{"line":68,"column":56}},"31":{"start":{"line":69,"column":4},"end":{"line":69,"column":90}},"32":{"start":{"line":69,"column":15},"end":{"line":69,"column":90}},"33":{"start":{"line":71,"column":22},"end":{"line":71,"column":36}},"34":{"start":{"line":72,"column":18},"end":{"line":72,"column":19}},"35":{"start":{"line":74,"column":4},"end":{"line":79,"column":7}},"36":{"start":{"line":75,"column":18},"end":{"line":75,"column":36}},"37":{"start":{"line":76,"column":6},"end":{"line":78,"column":7}},"38":{"start":{"line":77,"column":8},"end":{"line":77,"column":18}},"39":{"start":{"line":81,"column":18},"end":{"line":81,"column":63}},"40":{"start":{"line":84,"column":26},"end":{"line":84,"column":39}},"41":{"start":{"line":87,"column":4},"end":{"line":89,"column":5}},"42":{"start":{"line":88,"column":6},"end":{"line":88,"column":64}},"43":{"start":{"line":88,"column":37},"end":{"line":88,"column":62}},"44":{"start":{"line":91,"column":4},"end":{"line":97,"column":7}},"45":{"start":{"line":99,"column":4},"end":{"line":99,"column":74}},"46":{"start":{"line":101,"column":4},"end":{"line":101,"column":14}},"47":{"start":{"line":106,"column":30},"end":{"line":130,"column":1}},"48":{"start":{"line":107,"column":2},"end":{"line":129,"column":3}},"49":{"start":{"line":108,"column":21},"end":{"line":108,"column":31}},"50":{"start":{"line":111,"column":17},"end":{"line":113,"column":6}},"51":{"start":{"line":115,"column":4},"end":{"line":120,"column":5}},"52":{"start":{"line":116,"column":6},"end":{"line":119,"column":9}},"53":{"start":{"line":121,"column":22},"end":{"line":125,"column":6}},"54":{"start":{"line":127,"column":4},"end":{"line":127,"column":47}},"55":{"start":{"line":128,"column":4},"end":{"line":128,"column":14}},"56":{"start":{"line":133,"column":33},"end":{"line":162,"column":1}},"57":{"start":{"line":134,"column":2},"end":{"line":161,"column":3}},"58":{"start":{"line":135,"column":21},"end":{"line":135,"column":31}},"59":{"start":{"line":138,"column":17},"end":{"line":140,"column":6}},"60":{"start":{"line":142,"column":4},"end":{"line":147,"column":5}},"61":{"start":{"line":143,"column":6},"end":{"line":146,"column":9}},"62":{"start":{"line":150,"column":25},"end":{"line":152,"column":6}},"63":{"start":{"line":154,"column":4},"end":{"line":158,"column":7}},"64":{"start":{"line":160,"column":4},"end":{"line":160,"column":14}},"65":{"start":{"line":165,"column":26},"end":{"line":196,"column":1}},"66":{"start":{"line":166,"column":2},"end":{"line":195,"column":3}},"67":{"start":{"line":167,"column":21},"end":{"line":167,"column":31}},"68":{"start":{"line":170,"column":17},"end":{"line":172,"column":6}},"69":{"start":{"line":174,"column":4},"end":{"line":179,"column":5}},"70":{"start":{"line":175,"column":6},"end":{"line":178,"column":9}},"71":{"start":{"line":182,"column":4},"end":{"line":184,"column":7}},"72":{"start":{"line":187,"column":4},"end":{"line":187,"column":25}},"73":{"start":{"line":189,"column":4},"end":{"line":192,"column":7}},"74":{"start":{"line":194,"column":4},"end":{"line":194,"column":14}}},"fnMap":{"0":{"name":"(anonymous_0)","decl":{"start":{"line":9,"column":26},"end":{"line":9,"column":27}},"loc":{"start":{"line":9,"column":52},"end":{"line":35,"column":1}},"line":9},"1":{"name":"(anonymous_1)","decl":{"start":{"line":38,"column":25},"end":{"line":38,"column":26}},"loc":{"start":{"line":38,"column":51},"end":{"line":48,"column":1}},"line":38},"2":{"name":"(anonymous_2)","decl":{"start":{"line":51,"column":23},"end":{"line":51,"column":24}},"loc":{"start":{"line":51,"column":49},"end":{"line":60,"column":1}},"line":51},"3":{"name":"(anonymous_3)","decl":{"start":{"line":63,"column":26},"end":{"line":63,"column":27}},"loc":{"start":{"line":63,"column":52},"end":{"line":103,"column":1}},"line":63},"4":{"name":"(anonymous_4)","decl":{"start":{"line":74,"column":23},"end":{"line":74,"column":24}},"loc":{"start":{"line":74,"column":33},"end":{"line":79,"column":5}},"line":74},"5":{"name":"(anonymous_5)","decl":{"start":{"line":88,"column":24},"end":{"line":88,"column":25}},"loc":{"start":{"line":88,"column":37},"end":{"line":88,"column":62}},"line":88},"6":{"name":"(anonymous_6)","decl":{"start":{"line":106,"column":30},"end":{"line":106,"column":31}},"loc":{"start":{"line":106,"column":56},"end":{"line":130,"column":1}},"line":106},"7":{"name":"(anonymous_7)","decl":{"start":{"line":133,"column":33},"end":{"line":133,"column":34}},"loc":{"start":{"line":133,"column":59},"end":{"line":162,"column":1}},"line":133},"8":{"name":"(anonymous_8)","decl":{"start":{"line":165,"column":26},"end":{"line":165,"column":27}},"loc":{"start":{"line":165,"column":52},"end":{"line":196,"column":1}},"line":165}},"branchMap":{"0":{"loc":{"start":{"line":13,"column":4},"end":{"line":18,"column":5}},"type":"if","locations":[{"start":{"line":13,"column":4},"end":{"line":18,"column":5}},{"start":{},"end":{}}],"line":13},"1":{"loc":{"start":{"line":55,"column":4},"end":{"line":55,"column":90}},"type":"if","locations":[{"start":{"line":55,"column":4},"end":{"line":55,"column":90}},{"start":{},"end":{}}],"line":55},"2":{"loc":{"start":{"line":69,"column":4},"end":{"line":69,"column":90}},"type":"if","locations":[{"start":{"line":69,"column":4},"end":{"line":69,"column":90}},{"start":{},"end":{}}],"line":69},"3":{"loc":{"start":{"line":76,"column":6},"end":{"line":78,"column":7}},"type":"if","locations":[{"start":{"line":76,"column":6},"end":{"line":78,"column":7}},{"start":{},"end":{}}],"line":76},"4":{"loc":{"start":{"line":76,"column":10},"end":{"line":76,"column":83}},"type":"binary-expr","locations":[{"start":{"line":76,"column":10},"end":{"line":76,"column":24}},{"start":{"line":76,"column":28},"end":{"line":76,"column":83}}],"line":76},"5":{"loc":{"start":{"line":84,"column":26},"end":{"line":84,"column":39}},"type":"binary-expr","locations":[{"start":{"line":84,"column":26},"end":{"line":84,"column":34}},{"start":{"line":84,"column":38},"end":{"line":84,"column":39}}],"line":84},"6":{"loc":{"start":{"line":87,"column":4},"end":{"line":89,"column":5}},"type":"if","locations":[{"start":{"line":87,"column":4},"end":{"line":89,"column":5}},{"start":{},"end":{}}],"line":87},"7":{"loc":{"start":{"line":115,"column":4},"end":{"line":120,"column":5}},"type":"if","locations":[{"start":{"line":115,"column":4},"end":{"line":120,"column":5}},{"start":{},"end":{}}],"line":115},"8":{"loc":{"start":{"line":142,"column":4},"end":{"line":147,"column":5}},"type":"if","locations":[{"start":{"line":142,"column":4},"end":{"line":147,"column":5}},{"start":{},"end":{}}],"line":142},"9":{"loc":{"start":{"line":174,"column":4},"end":{"line":179,"column":5}},"type":"if","locations":[{"start":{"line":174,"column":4},"end":{"line":179,"column":5}},{"start":{},"end":{}}],"line":174}},"s":{"0":0,"1":0,"2":0,"3":0,"4":0,"5":0,"6":0,"7":0,"8":0,"9":0,"10":0,"11":0,"12":0,"13":0,"14":0,"15":0,"16":0,"17":0,"18":0,"19":0,"20":0,"21":0,"22":0,"23":0,"24":0,"25":0,"26":0,"27":0,"28":0,"29":0,"30":0,"31":0,"32":0,"33":0,"34":0,"35":0,"36":0,"37":0,"38":0,"39":0,"40":0,"41":0,"42":0,"43":0,"44":0,"45":0,"46":0,"47":0,"48":0,"49":0,"50":0,"51":0,"52":0,"53":0,"54":0,"55":0,"56":0,"57":0,"58":0,"59":0,"60":0,"61":0,"62":0,"63":0,"64":0,"65":0,"66":0,"67":0,"68":0,"69":0,"70":0,"71":0,"72":0,"73":0,"74":0},"f":{"0":0,"1":0,"2":0,"3":0,"4":0,"5":0,"6":0,"7":0,"8":0},"b":{"0":[0,0],"1":[0,0],"2":[0,0],"3":[0,0],"4":[0,0],"5":[0,0],"6":[0,0],"7":[0,0],"8":[0,0],"9":[0,0]}}
,"E:\\project\\server\\src\\controllers\\metrics.controller.js": {"path":"E:\\project\\server\\src\\controllers\\metrics.controller.js","statementMap":{"0":{"start":{"line":8,"column":38},"end":{"line":39,"column":1}},"1":{"start":{"line":9,"column":2},"end":{"line":38,"column":3}},"2":{"start":{"line":10,"column":19},"end":{"line":10,"column":29}},"3":{"start":{"line":13,"column":20},"end":{"line":18,"column":6}},"4":{"start":{"line":20,"column":4},"end":{"line":25,"column":5}},"5":{"start":{"line":21,"column":6},"end":{"line":24,"column":9}},"6":{"start":{"line":28,"column":21},"end":{"line":28,"column":54}},"7":{"start":{"line":30,"column":4},"end":{"line":34,"column":7}},"8":{"start":{"line":36,"column":4},"end":{"line":36,"column":67}},"9":{"start":{"line":37,"column":4},"end":{"line":37,"column":16}},"10":{"start":{"line":44,"column":35},"end":{"line":88,"column":1}},"11":{"start":{"line":45,"column":2},"end":{"line":87,"column":3}},"12":{"start":{"line":46,"column":54},"end":{"line":46,"column":63}},"13":{"start":{"line":49,"column":24},"end":{"line":49,"column":54}},"14":{"start":{"line":51,"column":4},"end":{"line":53,"column":5}},"15":{"start":{"line":52,"column":6},"end":{"line":52,"column":38}},"16":{"start":{"line":55,"column":4},"end":{"line":60,"column":5}},"17":{"start":{"line":56,"column":18},"end":{"line":56,"column":89}},"18":{"start":{"line":56,"column":51},"end":{"line":56,"column":63}},"19":{"start":{"line":56,"column":78},"end":{"line":56,"column":88}},"20":{"start":{"line":57,"column":6},"end":{"line":59,"column":7}},"21":{"start":{"line":58,"column":8},"end":{"line":58,"column":29}},"22":{"start":{"line":63,"column":21},"end":{"line":67,"column":6}},"23":{"start":{"line":69,"column":4},"end":{"line":74,"column":5}},"24":{"start":{"line":70,"column":6},"end":{"line":73,"column":9}},"25":{"start":{"line":77,"column":26},"end":{"line":77,"column":66}},"26":{"start":{"line":79,"column":4},"end":{"line":83,"column":7}},"27":{"start":{"line":85,"column":4},"end":{"line":85,"column":63}},"28":{"start":{"line":86,"column":4},"end":{"line":86,"column":16}},"29":{"start":{"line":93,"column":32},"end":{"line":170,"column":1}},"30":{"start":{"line":94,"column":2},"end":{"line":169,"column":3}},"31":{"start":{"line":95,"column":44},"end":{"line":95,"column":53}},"32":{"start":{"line":98,"column":22},"end":{"line":98,"column":32}},"33":{"start":{"line":99,"column":4},"end":{"line":99,"column":62}},"34":{"start":{"line":102,"column":24},"end":{"line":107,"column":5}},"35":{"start":{"line":109,"column":4},"end":{"line":111,"column":5}},"36":{"start":{"line":110,"column":6},"end":{"line":110,"column":38}},"37":{"start":{"line":114,"column":21},"end":{"line":118,"column":6}},"38":{"start":{"line":120,"column":4},"end":{"line":134,"column":5}},"39":{"start":{"line":121,"column":6},"end":{"line":133,"column":9}},"40":{"start":{"line":137,"column":21},"end":{"line":137,"column":61}},"41":{"start":{"line":140,"column":19},"end":{"line":159,"column":5}},"42":{"start":{"line":161,"column":4},"end":{"line":165,"column":7}},"43":{"start":{"line":167,"column":4},"end":{"line":167,"column":65}},"44":{"start":{"line":168,"column":4},"end":{"line":168,"column":16}},"45":{"start":{"line":175,"column":35},"end":{"line":226,"column":1}},"46":{"start":{"line":176,"column":2},"end":{"line":225,"column":3}},"47":{"start":{"line":178,"column":21},"end":{"line":182,"column":6}},"48":{"start":{"line":184,"column":4},"end":{"line":192,"column":5}},"49":{"start":{"line":185,"column":6},"end":{"line":191,"column":9}},"50":{"start":{"line":195,"column":21},"end":{"line":195,"column":61}},"51":{"start":{"line":197,"column":29},"end":{"line":216,"column":5}},"52":{"start":{"line":218,"column":4},"end":{"line":221,"column":7}},"53":{"start":{"line":223,"column":4},"end":{"line":223,"column":69}},"54":{"start":{"line":224,"column":4},"end":{"line":224,"column":16}},"55":{"start":{"line":231,"column":2},"end":{"line":231,"column":98}},"56":{"start":{"line":231,"column":24},"end":{"line":231,"column":98}},"57":{"start":{"line":232,"column":2},"end":{"line":232,"column":83}},"58":{"start":{"line":232,"column":24},"end":{"line":232,"column":83}},"59":{"start":{"line":233,"column":2},"end":{"line":233,"column":102}},"60":{"start":{"line":233,"column":24},"end":{"line":233,"column":102}},"61":{"start":{"line":234,"column":2},"end":{"line":234,"column":92}},"62":{"start":{"line":234,"column":24},"end":{"line":234,"column":92}},"63":{"start":{"line":235,"column":2},"end":{"line":235,"column":77}},"64":{"start":{"line":239,"column":2},"end":{"line":239,"column":69}},"65":{"start":{"line":239,"column":18},"end":{"line":239,"column":69}},"66":{"start":{"line":240,"column":2},"end":{"line":240,"column":75}},"67":{"start":{"line":240,"column":18},"end":{"line":240,"column":75}},"68":{"start":{"line":241,"column":2},"end":{"line":241,"column":70}},"69":{"start":{"line":241,"column":18},"end":{"line":241,"column":70}},"70":{"start":{"line":242,"column":2},"end":{"line":242,"column":87}},"71":{"start":{"line":242,"column":18},"end":{"line":242,"column":87}},"72":{"start":{"line":243,"column":2},"end":{"line":243,"column":81}},"73":{"start":{"line":247,"column":2},"end":{"line":247,"column":43}},"74":{"start":{"line":247,"column":24},"end":{"line":247,"column":43}},"75":{"start":{"line":248,"column":2},"end":{"line":248,"column":39}},"76":{"start":{"line":248,"column":24},"end":{"line":248,"column":39}},"77":{"start":{"line":249,"column":2},"end":{"line":249,"column":41}},"78":{"start":{"line":249,"column":24},"end":{"line":249,"column":41}},"79":{"start":{"line":250,"column":2},"end":{"line":250,"column":21}},"80":{"start":{"line":254,"column":2},"end":{"line":254,"column":37}},"81":{"start":{"line":254,"column":18},"end":{"line":254,"column":37}},"82":{"start":{"line":255,"column":2},"end":{"line":255,"column":33}},"83":{"start":{"line":255,"column":18},"end":{"line":255,"column":33}},"84":{"start":{"line":256,"column":2},"end":{"line":256,"column":35}},"85":{"start":{"line":256,"column":18},"end":{"line":256,"column":35}},"86":{"start":{"line":257,"column":2},"end":{"line":257,"column":21}},"87":{"start":{"line":261,"column":2},"end":{"line":261,"column":39}},"88":{"start":{"line":261,"column":24},"end":{"line":261,"column":39}},"89":{"start":{"line":262,"column":2},"end":{"line":262,"column":38}},"90":{"start":{"line":262,"column":24},"end":{"line":262,"column":38}},"91":{"start":{"line":263,"column":2},"end":{"line":263,"column":40}},"92":{"start":{"line":263,"column":24},"end":{"line":263,"column":40}},"93":{"start":{"line":264,"column":2},"end":{"line":264,"column":15}},"94":{"start":{"line":268,"column":2},"end":{"line":268,"column":33}},"95":{"start":{"line":268,"column":18},"end":{"line":268,"column":33}},"96":{"start":{"line":269,"column":2},"end":{"line":269,"column":32}},"97":{"start":{"line":269,"column":18},"end":{"line":269,"column":32}},"98":{"start":{"line":270,"column":2},"end":{"line":270,"column":34}},"99":{"start":{"line":270,"column":18},"end":{"line":270,"column":34}},"100":{"start":{"line":271,"column":2},"end":{"line":271,"column":15}},"101":{"start":{"line":275,"column":2},"end":{"line":281,"column":3}},"102":{"start":{"line":276,"column":22},"end":{"line":276,"column":37}},"103":{"start":{"line":277,"column":18},"end":{"line":277,"column":32}},"104":{"start":{"line":278,"column":20},"end":{"line":278,"column":36}},"105":{"start":{"line":279,"column":22},"end":{"line":279,"column":38}},"106":{"start":{"line":280,"column":13},"end":{"line":280,"column":26}},"107":{"start":{"line":285,"column":26},"end":{"line":285,"column":28}},"108":{"start":{"line":287,"column":2},"end":{"line":293,"column":3}},"109":{"start":{"line":288,"column":4},"end":{"line":292,"column":7}},"110":{"start":{"line":295,"column":2},"end":{"line":301,"column":3}},"111":{"start":{"line":296,"column":4},"end":{"line":300,"column":7}},"112":{"start":{"line":303,"column":2},"end":{"line":309,"column":3}},"113":{"start":{"line":304,"column":4},"end":{"line":308,"column":7}},"114":{"start":{"line":311,"column":2},"end":{"line":311,"column":25}}},"fnMap":{"0":{"name":"(anonymous_0)","decl":{"start":{"line":8,"column":38},"end":{"line":8,"column":39}},"loc":{"start":{"line":8,"column":64},"end":{"line":39,"column":1}},"line":8},"1":{"name":"(anonymous_1)","decl":{"start":{"line":44,"column":35},"end":{"line":44,"column":36}},"loc":{"start":{"line":44,"column":61},"end":{"line":88,"column":1}},"line":44},"2":{"name":"(anonymous_2)","decl":{"start":{"line":56,"column":45},"end":{"line":56,"column":46}},"loc":{"start":{"line":56,"column":51},"end":{"line":56,"column":63}},"line":56},"3":{"name":"(anonymous_3)","decl":{"start":{"line":56,"column":72},"end":{"line":56,"column":73}},"loc":{"start":{"line":56,"column":78},"end":{"line":56,"column":88}},"line":56},"4":{"name":"(anonymous_4)","decl":{"start":{"line":93,"column":32},"end":{"line":93,"column":33}},"loc":{"start":{"line":93,"column":58},"end":{"line":170,"column":1}},"line":93},"5":{"name":"(anonymous_5)","decl":{"start":{"line":175,"column":35},"end":{"line":175,"column":36}},"loc":{"start":{"line":175,"column":61},"end":{"line":226,"column":1}},"line":175},"6":{"name":"getGrammaticalInterpretation","decl":{"start":{"line":230,"column":9},"end":{"line":230,"column":37}},"loc":{"start":{"line":230,"column":50},"end":{"line":236,"column":1}},"line":230},"7":{"name":"getLexicalInterpretation","decl":{"start":{"line":238,"column":9},"end":{"line":238,"column":33}},"loc":{"start":{"line":238,"column":39},"end":{"line":244,"column":1}},"line":238},"8":{"name":"getGrammaticalLevel","decl":{"start":{"line":246,"column":9},"end":{"line":246,"column":28}},"loc":{"start":{"line":246,"column":41},"end":{"line":251,"column":1}},"line":246},"9":{"name":"getLexicalLevel","decl":{"start":{"line":253,"column":9},"end":{"line":253,"column":24}},"loc":{"start":{"line":253,"column":30},"end":{"line":258,"column":1}},"line":253},"10":{"name":"getGrammaticalColor","decl":{"start":{"line":260,"column":9},"end":{"line":260,"column":28}},"loc":{"start":{"line":260,"column":41},"end":{"line":265,"column":1}},"line":260},"11":{"name":"getLexicalColor","decl":{"start":{"line":267,"column":9},"end":{"line":267,"column":24}},"loc":{"start":{"line":267,"column":30},"end":{"line":272,"column":1}},"line":267},"12":{"name":"getQualityColor","decl":{"start":{"line":274,"column":9},"end":{"line":274,"column":24}},"loc":{"start":{"line":274,"column":32},"end":{"line":282,"column":1}},"line":274},"13":{"name":"generateRecommendations","decl":{"start":{"line":284,"column":9},"end":{"line":284,"column":32}},"loc":{"start":{"line":284,"column":42},"end":{"line":312,"column":1}},"line":284}},"branchMap":{"0":{"loc":{"start":{"line":20,"column":4},"end":{"line":25,"column":5}},"type":"if","locations":[{"start":{"line":20,"column":4},"end":{"line":25,"column":5}},{"start":{},"end":{}}],"line":20},"1":{"loc":{"start":{"line":46,"column":39},"end":{"line":46,"column":49}},"type":"default-arg","locations":[{"start":{"line":46,"column":47},"end":{"line":46,"column":49}}],"line":46},"2":{"loc":{"start":{"line":51,"column":4},"end":{"line":53,"column":5}},"type":"if","locations":[{"start":{"line":51,"column":4},"end":{"line":53,"column":5}},{"start":{},"end":{}}],"line":51},"3":{"loc":{"start":{"line":55,"column":4},"end":{"line":60,"column":5}},"type":"if","locations":[{"start":{"line":55,"column":4},"end":{"line":60,"column":5}},{"start":{},"end":{}}],"line":55},"4":{"loc":{"start":{"line":57,"column":6},"end":{"line":59,"column":7}},"type":"if","locations":[{"start":{"line":57,"column":6},"end":{"line":59,"column":7}},{"start":{},"end":{}}],"line":57},"5":{"loc":{"start":{"line":69,"column":4},"end":{"line":74,"column":5}},"type":"if","locations":[{"start":{"line":69,"column":4},"end":{"line":74,"column":5}},{"start":{},"end":{}}],"line":69},"6":{"loc":{"start":{"line":95,"column":12},"end":{"line":95,"column":25}},"type":"default-arg","locations":[{"start":{"line":95,"column":21},"end":{"line":95,"column":25}}],"line":95},"7":{"loc":{"start":{"line":109,"column":4},"end":{"line":111,"column":5}},"type":"if","locations":[{"start":{"line":109,"column":4},"end":{"line":111,"column":5}},{"start":{},"end":{}}],"line":109},"8":{"loc":{"start":{"line":120,"column":4},"end":{"line":134,"column":5}},"type":"if","locations":[{"start":{"line":120,"column":4},"end":{"line":134,"column":5}},{"start":{},"end":{}}],"line":120},"9":{"loc":{"start":{"line":184,"column":4},"end":{"line":192,"column":5}},"type":"if","locations":[{"start":{"line":184,"column":4},"end":{"line":192,"column":5}},{"start":{},"end":{}}],"line":184},"10":{"loc":{"start":{"line":231,"column":2},"end":{"line":231,"column":98}},"type":"if","locations":[{"start":{"line":231,"column":2},"end":{"line":231,"column":98}},{"start":{},"end":{}}],"line":231},"11":{"loc":{"start":{"line":232,"column":2},"end":{"line":232,"column":83}},"type":"if","locations":[{"start":{"line":232,"column":2},"end":{"line":232,"column":83}},{"start":{},"end":{}}],"line":232},"12":{"loc":{"start":{"line":233,"column":2},"end":{"line":233,"column":102}},"type":"if","locations":[{"start":{"line":233,"column":2},"end":{"line":233,"column":102}},{"start":{},"end":{}}],"line":233},"13":{"loc":{"start":{"line":234,"column":2},"end":{"line":234,"column":92}},"type":"if","locations":[{"start":{"line":234,"column":2},"end":{"line":234,"column":92}},{"start":{},"end":{}}],"line":234},"14":{"loc":{"start":{"line":239,"column":2},"end":{"line":239,"column":69}},"type":"if","locations":[{"start":{"line":239,"column":2},"end":{"line":239,"column":69}},{"start":{},"end":{}}],"line":239},"15":{"loc":{"start":{"line":240,"column":2},"end":{"line":240,"column":75}},"type":"if","locations":[{"start":{"line":240,"column":2},"end":{"line":240,"column":75}},{"start":{},"end":{}}],"line":240},"16":{"loc":{"start":{"line":241,"column":2},"end":{"line":241,"column":70}},"type":"if","locations":[{"start":{"line":241,"column":2},"end":{"line":241,"column":70}},{"start":{},"end":{}}],"line":241},"17":{"loc":{"start":{"line":242,"column":2},"end":{"line":242,"column":87}},"type":"if","locations":[{"start":{"line":242,"column":2},"end":{"line":242,"column":87}},{"start":{},"end":{}}],"line":242},"18":{"loc":{"start":{"line":247,"column":2},"end":{"line":247,"column":43}},"type":"if","locations":[{"start":{"line":247,"column":2},"end":{"line":247,"column":43}},{"start":{},"end":{}}],"line":247},"19":{"loc":{"start":{"line":248,"column":2},"end":{"line":248,"column":39}},"type":"if","locations":[{"start":{"line":248,"column":2},"end":{"line":248,"column":39}},{"start":{},"end":{}}],"line":248},"20":{"loc":{"start":{"line":249,"column":2},"end":{"line":249,"column":41}},"type":"if","locations":[{"start":{"line":249,"column":2},"end":{"line":249,"column":41}},{"start":{},"end":{}}],"line":249},"21":{"loc":{"start":{"line":254,"column":2},"end":{"line":254,"column":37}},"type":"if","locations":[{"start":{"line":254,"column":2},"end":{"line":254,"column":37}},{"start":{},"end":{}}],"line":254},"22":{"loc":{"start":{"line":255,"column":2},"end":{"line":255,"column":33}},"type":"if","locations":[{"start":{"line":255,"column":2},"end":{"line":255,"column":33}},{"start":{},"end":{}}],"line":255},"23":{"loc":{"start":{"line":256,"column":2},"end":{"line":256,"column":35}},"type":"if","locations":[{"start":{"line":256,"column":2},"end":{"line":256,"column":35}},{"start":{},"end":{}}],"line":256},"24":{"loc":{"start":{"line":261,"column":2},"end":{"line":261,"column":39}},"type":"if","locations":[{"start":{"line":261,"column":2},"end":{"line":261,"column":39}},{"start":{},"end":{}}],"line":261},"25":{"loc":{"start":{"line":262,"column":2},"end":{"line":262,"column":38}},"type":"if","locations":[{"start":{"line":262,"column":2},"end":{"line":262,"column":38}},{"start":{},"end":{}}],"line":262},"26":{"loc":{"start":{"line":263,"column":2},"end":{"line":263,"column":40}},"type":"if","locations":[{"start":{"line":263,"column":2},"end":{"line":263,"column":40}},{"start":{},"end":{}}],"line":263},"27":{"loc":{"start":{"line":268,"column":2},"end":{"line":268,"column":33}},"type":"if","locations":[{"start":{"line":268,"column":2},"end":{"line":268,"column":33}},{"start":{},"end":{}}],"line":268},"28":{"loc":{"start":{"line":269,"column":2},"end":{"line":269,"column":32}},"type":"if","locations":[{"start":{"line":269,"column":2},"end":{"line":269,"column":32}},{"start":{},"end":{}}],"line":269},"29":{"loc":{"start":{"line":270,"column":2},"end":{"line":270,"column":34}},"type":"if","locations":[{"start":{"line":270,"column":2},"end":{"line":270,"column":34}},{"start":{},"end":{}}],"line":270},"30":{"loc":{"start":{"line":275,"column":2},"end":{"line":281,"column":3}},"type":"switch","locations":[{"start":{"line":276,"column":4},"end":{"line":276,"column":37}},{"start":{"line":277,"column":4},"end":{"line":277,"column":32}},{"start":{"line":278,"column":4},"end":{"line":278,"column":36}},{"start":{"line":279,"column":4},"end":{"line":279,"column":38}},{"start":{"line":280,"column":4},"end":{"line":280,"column":26}}],"line":275},"31":{"loc":{"start":{"line":287,"column":2},"end":{"line":293,"column":3}},"type":"if","locations":[{"start":{"line":287,"column":2},"end":{"line":293,"column":3}},{"start":{},"end":{}}],"line":287},"32":{"loc":{"start":{"line":295,"column":2},"end":{"line":301,"column":3}},"type":"if","locations":[{"start":{"line":295,"column":2},"end":{"line":301,"column":3}},{"start":{},"end":{}}],"line":295},"33":{"loc":{"start":{"line":303,"column":2},"end":{"line":309,"column":3}},"type":"if","locations":[{"start":{"line":303,"column":2},"end":{"line":309,"column":3}},{"start":{},"end":{}}],"line":303},"34":{"loc":{"start":{"line":303,"column":6},"end":{"line":303,"column":90}},"type":"binary-expr","locations":[{"start":{"line":303,"column":6},"end":{"line":303,"column":49}},{"start":{"line":303,"column":53},"end":{"line":303,"column":90}}],"line":303}},"s":{"0":0,"1":0,"2":0,"3":0,"4":0,"5":0,"6":0,"7":0,"8":0,"9":0,"10":0,"11":0,"12":0,"13":0,"14":0,"15":0,"16":0,"17":0,"18":0,"19":0,"20":0,"21":0,"22":0,"23":0,"24":0,"25":0,"26":0,"27":0,"28":0,"29":0,"30":0,"31":0,"32":0,"33":0,"34":0,"35":0,"36":0,"37":0,"38":0,"39":0,"40":0,"41":0,"42":0,"43":0,"44":0,"45":0,"46":0,"47":0,"48":0,"49":0,"50":0,"51":0,"52":0,"53":0,"54":0,"55":0,"56":0,"57":0,"58":0,"59":0,"60":0,"61":0,"62":0,"63":0,"64":0,"65":0,"66":0,"67":0,"68":0,"69":0,"70":0,"71":0,"72":0,"73":0,"74":0,"75":0,"76":0,"77":0,"78":0,"79":0,"80":0,"81":0,"82":0,"83":0,"84":0,"85":0,"86":0,"87":0,"88":0,"89":0,"90":0,"91":0,"92":0,"93":0,"94":0,"95":0,"96":0,"97":0,"98":0,"99":0,"100":0,"101":0,"102":0,"103":0,"104":0,"105":0,"106":0,"107":0,"108":0,"109":0,"110":0,"111":0,"112":0,"113":0,"114":0},"f":{"0":0,"1":0,"2":0,"3":0,"4":0,"5":0,"6":0,"7":0,"8":0,"9":0,"10":0,"11":0,"12":0,"13":0},"b":{"0":[0,0],"1":[0],"2":[0,0],"3":[0,0],"4":[0,0],"5":[0,0],"6":[0],"7":[0,0],"8":[0,0],"9":[0,0],"10":[0,0],"11":[0,0],"12":[0,0],"13":[0,0],"14":[0,0],"15":[0,0],"16":[0,0],"17":[0,0],"18":[0,0],"19":[0,0],"20":[0,0],"21":[0,0],"22":[0,0],"23":[0,0],"24":[0,0],"25":[0,0],"26":[0,0],"27":[0,0],"28":[0,0],"29":[0,0],"30":[0,0,0,0,0],"31":[0,0],"32":[0,0],"33":[0,0],"34":[0,0]}}
,"E:\\project\\server\\src\\controllers\\recursos.controller.js": {"path":"E:\\project\\server\\src\\controllers\\recursos.controller.js","statementMap":{"0":{"start":{"line":8,"column":19},"end":{"line":8,"column":49}},"1":{"start":{"line":9,"column":18},"end":{"line":9,"column":42}},"2":{"start":{"line":12,"column":27},"end":{"line":27,"column":1}},"3":{"start":{"line":13,"column":2},"end":{"line":26,"column":3}},"4":{"start":{"line":14,"column":21},"end":{"line":17,"column":6}},"5":{"start":{"line":19,"column":4},"end":{"line":23,"column":7}},"6":{"start":{"line":25,"column":4},"end":{"line":25,"column":16}},"7":{"start":{"line":30,"column":30},"end":{"line":53,"column":1}},"8":{"start":{"line":31,"column":2},"end":{"line":52,"column":3}},"9":{"start":{"line":32,"column":20},"end":{"line":37,"column":6}},"10":{"start":{"line":39,"column":4},"end":{"line":44,"column":5}},"11":{"start":{"line":40,"column":6},"end":{"line":43,"column":9}},"12":{"start":{"line":46,"column":4},"end":{"line":49,"column":7}},"13":{"start":{"line":51,"column":4},"end":{"line":51,"column":16}},"14":{"start":{"line":56,"column":29},"end":{"line":93,"column":1}},"15":{"start":{"line":57,"column":2},"end":{"line":92,"column":3}},"16":{"start":{"line":59,"column":19},"end":{"line":59,"column":40}},"17":{"start":{"line":60,"column":4},"end":{"line":65,"column":5}},"18":{"start":{"line":61,"column":6},"end":{"line":64,"column":9}},"19":{"start":{"line":67,"column":39},"end":{"line":67,"column":47}},"20":{"start":{"line":70,"column":18},"end":{"line":70,"column":28}},"21":{"start":{"line":71,"column":30},"end":{"line":71,"column":70}},"22":{"start":{"line":72,"column":16},"end":{"line":72,"column":26}},"23":{"start":{"line":73,"column":37},"end":{"line":73,"column":57}},"24":{"start":{"line":76,"column":20},"end":{"line":83,"column":6}},"25":{"start":{"line":85,"column":4},"end":{"line":89,"column":7}},"26":{"start":{"line":91,"column":4},"end":{"line":91,"column":16}},"27":{"start":{"line":96,"column":29},"end":{"line":138,"column":1}},"28":{"start":{"line":97,"column":2},"end":{"line":137,"column":3}},"29":{"start":{"line":99,"column":19},"end":{"line":99,"column":40}},"30":{"start":{"line":100,"column":4},"end":{"line":105,"column":5}},"31":{"start":{"line":101,"column":6},"end":{"line":104,"column":9}},"32":{"start":{"line":107,"column":34},"end":{"line":107,"column":42}},"33":{"start":{"line":110,"column":20},"end":{"line":115,"column":6}},"34":{"start":{"line":117,"column":4},"end":{"line":122,"column":5}},"35":{"start":{"line":118,"column":6},"end":{"line":121,"column":9}},"36":{"start":{"line":125,"column":4},"end":{"line":128,"column":7}},"37":{"start":{"line":130,"column":4},"end":{"line":134,"column":7}},"38":{"start":{"line":136,"column":4},"end":{"line":136,"column":16}},"39":{"start":{"line":141,"column":29},"end":{"line":168,"column":1}},"40":{"start":{"line":142,"column":2},"end":{"line":167,"column":3}},"41":{"start":{"line":144,"column":20},"end":{"line":149,"column":6}},"42":{"start":{"line":151,"column":4},"end":{"line":156,"column":5}},"43":{"start":{"line":152,"column":6},"end":{"line":155,"column":9}},"44":{"start":{"line":159,"column":4},"end":{"line":159,"column":28}},"45":{"start":{"line":161,"column":4},"end":{"line":164,"column":7}},"46":{"start":{"line":166,"column":4},"end":{"line":166,"column":16}},"47":{"start":{"line":171,"column":27},"end":{"line":224,"column":1}},"48":{"start":{"line":172,"column":2},"end":{"line":223,"column":3}},"49":{"start":{"line":173,"column":20},"end":{"line":178,"column":6}},"50":{"start":{"line":180,"column":4},"end":{"line":185,"column":5}},"51":{"start":{"line":181,"column":6},"end":{"line":184,"column":9}},"52":{"start":{"line":188,"column":17},"end":{"line":188,"column":46}},"53":{"start":{"line":191,"column":20},"end":{"line":208,"column":5}},"54":{"start":{"line":211,"column":4},"end":{"line":220,"column":7}},"55":{"start":{"line":212,"column":6},"end":{"line":214,"column":7}},"56":{"start":{"line":213,"column":8},"end":{"line":213,"column":25}},"57":{"start":{"line":217,"column":6},"end":{"line":217,"column":55}},"58":{"start":{"line":218,"column":6},"end":{"line":218,"column":112}},"59":{"start":{"line":219,"column":6},"end":{"line":219,"column":23}},"60":{"start":{"line":222,"column":4},"end":{"line":222,"column":16}},"61":{"start":{"line":228,"column":38},"end":{"line":228,"column":45}},"62":{"start":{"line":231,"column":17},"end":{"line":246,"column":3}},"63":{"start":{"line":248,"column":20},"end":{"line":248,"column":22}},"64":{"start":{"line":251,"column":2},"end":{"line":480,"column":3}},"65":{"start":{"line":253,"column":6},"end":{"line":282,"column":8}},"66":{"start":{"line":262,"column":55},"end":{"line":267,"column":13}},"67":{"start":{"line":273,"column":50},"end":{"line":278,"column":15}},"68":{"start":{"line":283,"column":6},"end":{"line":283,"column":12}},"69":{"start":{"line":286,"column":6},"end":{"line":319,"column":8}},"70":{"start":{"line":307,"column":55},"end":{"line":307,"column":77}},"71":{"start":{"line":315,"column":56},"end":{"line":315,"column":74}},"72":{"start":{"line":320,"column":6},"end":{"line":320,"column":12}},"73":{"start":{"line":323,"column":6},"end":{"line":345,"column":8}},"74":{"start":{"line":337,"column":51},"end":{"line":342,"column":13}},"75":{"start":{"line":346,"column":6},"end":{"line":346,"column":12}},"76":{"start":{"line":349,"column":6},"end":{"line":380,"column":8}},"77":{"start":{"line":369,"column":64},"end":{"line":369,"column":86}},"78":{"start":{"line":376,"column":62},"end":{"line":376,"column":84}},"79":{"start":{"line":381,"column":6},"end":{"line":381,"column":12}},"80":{"start":{"line":384,"column":6},"end":{"line":468,"column":8}},"81":{"start":{"line":394,"column":74},"end":{"line":394,"column":96}},"82":{"start":{"line":398,"column":60},"end":{"line":457,"column":11}},"83":{"start":{"line":413,"column":57},"end":{"line":413,"column":79}},"84":{"start":{"line":423,"column":74},"end":{"line":423,"column":99}},"85":{"start":{"line":433,"column":132},"end":{"line":433,"column":154}},"86":{"start":{"line":439,"column":72},"end":{"line":442,"column":21}},"87":{"start":{"line":448,"column":78},"end":{"line":451,"column":23}},"88":{"start":{"line":463,"column":57},"end":{"line":463,"column":80}},"89":{"start":{"line":469,"column":6},"end":{"line":469,"column":12}},"90":{"start":{"line":472,"column":6},"end":{"line":479,"column":8}},"91":{"start":{"line":482,"column":2},"end":{"line":497,"column":4}}},"fnMap":{"0":{"name":"(anonymous_0)","decl":{"start":{"line":12,"column":27},"end":{"line":12,"column":28}},"loc":{"start":{"line":12,"column":53},"end":{"line":27,"column":1}},"line":12},"1":{"name":"(anonymous_1)","decl":{"start":{"line":30,"column":30},"end":{"line":30,"column":31}},"loc":{"start":{"line":30,"column":56},"end":{"line":53,"column":1}},"line":30},"2":{"name":"(anonymous_2)","decl":{"start":{"line":56,"column":29},"end":{"line":56,"column":30}},"loc":{"start":{"line":56,"column":55},"end":{"line":93,"column":1}},"line":56},"3":{"name":"(anonymous_3)","decl":{"start":{"line":96,"column":29},"end":{"line":96,"column":30}},"loc":{"start":{"line":96,"column":55},"end":{"line":138,"column":1}},"line":96},"4":{"name":"(anonymous_4)","decl":{"start":{"line":141,"column":29},"end":{"line":141,"column":30}},"loc":{"start":{"line":141,"column":55},"end":{"line":168,"column":1}},"line":141},"5":{"name":"(anonymous_5)","decl":{"start":{"line":171,"column":27},"end":{"line":171,"column":28}},"loc":{"start":{"line":171,"column":53},"end":{"line":224,"column":1}},"line":171},"6":{"name":"(anonymous_6)","decl":{"start":{"line":211,"column":39},"end":{"line":211,"column":40}},"loc":{"start":{"line":211,"column":56},"end":{"line":220,"column":5}},"line":211},"7":{"name":"generateHtmlTemplate","decl":{"start":{"line":227,"column":9},"end":{"line":227,"column":29}},"loc":{"start":{"line":227,"column":39},"end":{"line":498,"column":1}},"line":227},"8":{"name":"(anonymous_8)","decl":{"start":{"line":262,"column":38},"end":{"line":262,"column":39}},"loc":{"start":{"line":262,"column":55},"end":{"line":267,"column":13}},"line":262},"9":{"name":"(anonymous_9)","decl":{"start":{"line":273,"column":42},"end":{"line":273,"column":43}},"loc":{"start":{"line":273,"column":50},"end":{"line":278,"column":15}},"line":273},"10":{"name":"(anonymous_10)","decl":{"start":{"line":307,"column":43},"end":{"line":307,"column":44}},"loc":{"start":{"line":307,"column":55},"end":{"line":307,"column":77}},"line":307},"11":{"name":"(anonymous_11)","decl":{"start":{"line":315,"column":48},"end":{"line":315,"column":49}},"loc":{"start":{"line":315,"column":56},"end":{"line":315,"column":74}},"line":315},"12":{"name":"(anonymous_12)","decl":{"start":{"line":337,"column":34},"end":{"line":337,"column":35}},"loc":{"start":{"line":337,"column":51},"end":{"line":342,"column":13}},"line":337},"13":{"name":"(anonymous_13)","decl":{"start":{"line":369,"column":52},"end":{"line":369,"column":53}},"loc":{"start":{"line":369,"column":64},"end":{"line":369,"column":86}},"line":369},"14":{"name":"(anonymous_14)","decl":{"start":{"line":376,"column":50},"end":{"line":376,"column":51}},"loc":{"start":{"line":376,"column":62},"end":{"line":376,"column":84}},"line":376},"15":{"name":"(anonymous_15)","decl":{"start":{"line":394,"column":62},"end":{"line":394,"column":63}},"loc":{"start":{"line":394,"column":74},"end":{"line":394,"column":96}},"line":394},"16":{"name":"(anonymous_16)","decl":{"start":{"line":398,"column":38},"end":{"line":398,"column":39}},"loc":{"start":{"line":398,"column":60},"end":{"line":457,"column":11}},"line":398},"17":{"name":"(anonymous_17)","decl":{"start":{"line":413,"column":45},"end":{"line":413,"column":46}},"loc":{"start":{"line":413,"column":57},"end":{"line":413,"column":79}},"line":413},"18":{"name":"(anonymous_18)","decl":{"start":{"line":423,"column":65},"end":{"line":423,"column":66}},"loc":{"start":{"line":423,"column":74},"end":{"line":423,"column":99}},"line":423},"19":{"name":"(anonymous_19)","decl":{"start":{"line":433,"column":120},"end":{"line":433,"column":121}},"loc":{"start":{"line":433,"column":132},"end":{"line":433,"column":154}},"line":433},"20":{"name":"(anonymous_20)","decl":{"start":{"line":439,"column":63},"end":{"line":439,"column":64}},"loc":{"start":{"line":439,"column":72},"end":{"line":442,"column":21}},"line":439},"21":{"name":"(anonymous_21)","decl":{"start":{"line":448,"column":67},"end":{"line":448,"column":68}},"loc":{"start":{"line":448,"column":78},"end":{"line":451,"column":23}},"line":448},"22":{"name":"(anonymous_22)","decl":{"start":{"line":463,"column":44},"end":{"line":463,"column":45}},"loc":{"start":{"line":463,"column":57},"end":{"line":463,"column":80}},"line":463}},"branchMap":{"0":{"loc":{"start":{"line":39,"column":4},"end":{"line":44,"column":5}},"type":"if","locations":[{"start":{"line":39,"column":4},"end":{"line":44,"column":5}},{"start":{},"end":{}}],"line":39},"1":{"loc":{"start":{"line":60,"column":4},"end":{"line":65,"column":5}},"type":"if","locations":[{"start":{"line":60,"column":4},"end":{"line":65,"column":5}},{"start":{},"end":{}}],"line":60},"2":{"loc":{"start":{"line":100,"column":4},"end":{"line":105,"column":5}},"type":"if","locations":[{"start":{"line":100,"column":4},"end":{"line":105,"column":5}},{"start":{},"end":{}}],"line":100},"3":{"loc":{"start":{"line":117,"column":4},"end":{"line":122,"column":5}},"type":"if","locations":[{"start":{"line":117,"column":4},"end":{"line":122,"column":5}},{"start":{},"end":{}}],"line":117},"4":{"loc":{"start":{"line":126,"column":14},"end":{"line":126,"column":38}},"type":"binary-expr","locations":[{"start":{"line":126,"column":14},"end":{"line":126,"column":20}},{"start":{"line":126,"column":24},"end":{"line":126,"column":38}}],"line":126},"5":{"loc":{"start":{"line":127,"column":17},"end":{"line":127,"column":47}},"type":"binary-expr","locations":[{"start":{"line":127,"column":17},"end":{"line":127,"column":26}},{"start":{"line":127,"column":30},"end":{"line":127,"column":47}}],"line":127},"6":{"loc":{"start":{"line":151,"column":4},"end":{"line":156,"column":5}},"type":"if","locations":[{"start":{"line":151,"column":4},"end":{"line":156,"column":5}},{"start":{},"end":{}}],"line":151},"7":{"loc":{"start":{"line":180,"column":4},"end":{"line":185,"column":5}},"type":"if","locations":[{"start":{"line":180,"column":4},"end":{"line":185,"column":5}},{"start":{},"end":{}}],"line":180},"8":{"loc":{"start":{"line":212,"column":6},"end":{"line":214,"column":7}},"type":"if","locations":[{"start":{"line":212,"column":6},"end":{"line":214,"column":7}},{"start":{},"end":{}}],"line":212},"9":{"loc":{"start":{"line":251,"column":2},"end":{"line":480,"column":3}},"type":"switch","locations":[{"start":{"line":252,"column":4},"end":{"line":283,"column":12}},{"start":{"line":285,"column":4},"end":{"line":320,"column":12}},{"start":{"line":322,"column":4},"end":{"line":346,"column":12}},{"start":{"line":348,"column":4},"end":{"line":381,"column":12}},{"start":{"line":383,"column":4},"end":{"line":469,"column":12}},{"start":{"line":471,"column":4},"end":{"line":479,"column":8}}],"line":251},"10":{"loc":{"start":{"line":270,"column":12},"end":{"line":280,"column":16}},"type":"cond-expr","locations":[{"start":{"line":270,"column":36},"end":{"line":280,"column":11}},{"start":{"line":280,"column":14},"end":{"line":280,"column":16}}],"line":270},"11":{"loc":{"start":{"line":303,"column":12},"end":{"line":310,"column":16}},"type":"cond-expr","locations":[{"start":{"line":303,"column":35},"end":{"line":310,"column":11}},{"start":{"line":310,"column":14},"end":{"line":310,"column":16}}],"line":303},"12":{"loc":{"start":{"line":394,"column":16},"end":{"line":394,"column":159}},"type":"cond-expr","locations":[{"start":{"line":394,"column":38},"end":{"line":394,"column":106}},{"start":{"line":394,"column":109},"end":{"line":394,"column":159}}],"line":394},"13":{"loc":{"start":{"line":410,"column":16},"end":{"line":415,"column":20}},"type":"cond-expr","locations":[{"start":{"line":410,"column":39},"end":{"line":415,"column":15}},{"start":{"line":415,"column":18},"end":{"line":415,"column":20}}],"line":410},"14":{"loc":{"start":{"line":417,"column":16},"end":{"line":455,"column":20}},"type":"cond-expr","locations":[{"start":{"line":417,"column":48},"end":{"line":455,"column":15}},{"start":{"line":455,"column":18},"end":{"line":455,"column":20}}],"line":417},"15":{"loc":{"start":{"line":420,"column":20},"end":{"line":426,"column":24}},"type":"cond-expr","locations":[{"start":{"line":420,"column":59},"end":{"line":426,"column":19}},{"start":{"line":426,"column":22},"end":{"line":426,"column":24}}],"line":420},"16":{"loc":{"start":{"line":428,"column":20},"end":{"line":435,"column":24}},"type":"cond-expr","locations":[{"start":{"line":428,"column":64},"end":{"line":435,"column":19}},{"start":{"line":435,"column":22},"end":{"line":435,"column":24}}],"line":428},"17":{"loc":{"start":{"line":433,"column":24},"end":{"line":433,"column":169}},"type":"cond-expr","locations":[{"start":{"line":433,"column":71},"end":{"line":433,"column":164}},{"start":{"line":433,"column":167},"end":{"line":433,"column":169}}],"line":433},"18":{"loc":{"start":{"line":437,"column":20},"end":{"line":443,"column":24}},"type":"cond-expr","locations":[{"start":{"line":437,"column":59},"end":{"line":443,"column":19}},{"start":{"line":443,"column":22},"end":{"line":443,"column":24}}],"line":437},"19":{"loc":{"start":{"line":445,"column":20},"end":{"line":453,"column":24}},"type":"cond-expr","locations":[{"start":{"line":445,"column":61},"end":{"line":453,"column":19}},{"start":{"line":453,"column":22},"end":{"line":453,"column":24}}],"line":445},"20":{"loc":{"start":{"line":459,"column":12},"end":{"line":466,"column":16}},"type":"cond-expr","locations":[{"start":{"line":459,"column":36},"end":{"line":466,"column":11}},{"start":{"line":466,"column":14},"end":{"line":466,"column":16}}],"line":459}},"s":{"0":0,"1":0,"2":0,"3":0,"4":0,"5":0,"6":0,"7":0,"8":0,"9":0,"10":0,"11":0,"12":0,"13":0,"14":0,"15":0,"16":0,"17":0,"18":0,"19":0,"20":0,"21":0,"22":0,"23":0,"24":0,"25":0,"26":0,"27":0,"28":0,"29":0,"30":0,"31":0,"32":0,"33":0,"34":0,"35":0,"36":0,"37":0,"38":0,"39":0,"40":0,"41":0,"42":0,"43":0,"44":0,"45":0,"46":0,"47":0,"48":0,"49":0,"50":0,"51":0,"52":0,"53":0,"54":0,"55":0,"56":0,"57":0,"58":0,"59":0,"60":0,"61":0,"62":0,"63":0,"64":0,"65":0,"66":0,"67":0,"68":0,"69":0,"70":0,"71":0,"72":0,"73":0,"74":0,"75":0,"76":0,"77":0,"78":0,"79":0,"80":0,"81":0,"82":0,"83":0,"84":0,"85":0,"86":0,"87":0,"88":0,"89":0,"90":0,"91":0},"f":{"0":0,"1":0,"2":0,"3":0,"4":0,"5":0,"6":0,"7":0,"8":0,"9":0,"10":0,"11":0,"12":0,"13":0,"14":0,"15":0,"16":0,"17":0,"18":0,"19":0,"20":0,"21":0,"22":0},"b":{"0":[0,0],"1":[0,0],"2":[0,0],"3":[0,0],"4":[0,0],"5":[0,0],"6":[0,0],"7":[0,0],"8":[0,0],"9":[0,0,0,0,0,0],"10":[0,0],"11":[0,0],"12":[0,0],"13":[0,0],"14":[0,0],"15":[0,0],"16":[0,0],"17":[0,0],"18":[0,0],"19":[0,0],"20":[0,0]}}
,"E:\\project\\server\\src\\controllers\\semantics.controller.js": {"path":"E:\\project\\server\\src\\controllers\\semantics.controller.js","statementMap":{"0":{"start":{"line":16,"column":50},"end":{"line":42,"column":1}},"1":{"start":{"line":17,"column":2},"end":{"line":41,"column":3}},"2":{"start":{"line":18,"column":19},"end":{"line":18,"column":29}},"3":{"start":{"line":20,"column":20},"end":{"line":20,"column":46}},"4":{"start":{"line":21,"column":4},"end":{"line":26,"column":5}},"5":{"start":{"line":22,"column":6},"end":{"line":25,"column":9}},"6":{"start":{"line":28,"column":21},"end":{"line":28,"column":54}},"7":{"start":{"line":30,"column":4},"end":{"line":33,"column":7}},"8":{"start":{"line":35,"column":4},"end":{"line":35,"column":79}},"9":{"start":{"line":36,"column":4},"end":{"line":40,"column":7}},"10":{"start":{"line":47,"column":47},"end":{"line":123,"column":1}},"11":{"start":{"line":48,"column":2},"end":{"line":122,"column":3}},"12":{"start":{"line":56,"column":8},"end":{"line":56,"column":17}},"13":{"start":{"line":59,"column":24},"end":{"line":59,"column":26}},"14":{"start":{"line":61,"column":4},"end":{"line":63,"column":5}},"15":{"start":{"line":62,"column":6},"end":{"line":62,"column":30}},"16":{"start":{"line":65,"column":4},"end":{"line":67,"column":5}},"17":{"start":{"line":66,"column":6},"end":{"line":66,"column":40}},"18":{"start":{"line":69,"column":4},"end":{"line":77,"column":5}},"19":{"start":{"line":70,"column":6},"end":{"line":70,"column":33}},"20":{"start":{"line":71,"column":6},"end":{"line":73,"column":7}},"21":{"start":{"line":72,"column":8},"end":{"line":72,"column":61}},"22":{"start":{"line":74,"column":6},"end":{"line":76,"column":7}},"23":{"start":{"line":75,"column":8},"end":{"line":75,"column":61}},"24":{"start":{"line":79,"column":21},"end":{"line":84,"column":6}},"25":{"start":{"line":86,"column":4},"end":{"line":99,"column":5}},"26":{"start":{"line":87,"column":6},"end":{"line":98,"column":9}},"27":{"start":{"line":101,"column":26},"end":{"line":101,"column":66}},"28":{"start":{"line":103,"column":4},"end":{"line":114,"column":7}},"29":{"start":{"line":116,"column":4},"end":{"line":116,"column":73}},"30":{"start":{"line":117,"column":4},"end":{"line":121,"column":7}},"31":{"start":{"line":128,"column":43},"end":{"line":267,"column":1}},"32":{"start":{"line":129,"column":2},"end":{"line":266,"column":3}},"33":{"start":{"line":134,"column":8},"end":{"line":134,"column":17}},"34":{"start":{"line":137,"column":24},"end":{"line":137,"column":26}},"35":{"start":{"line":138,"column":4},"end":{"line":146,"column":5}},"36":{"start":{"line":139,"column":6},"end":{"line":139,"column":33}},"37":{"start":{"line":140,"column":6},"end":{"line":142,"column":7}},"38":{"start":{"line":141,"column":8},"end":{"line":141,"column":61}},"39":{"start":{"line":143,"column":6},"end":{"line":145,"column":7}},"40":{"start":{"line":144,"column":8},"end":{"line":144,"column":61}},"41":{"start":{"line":149,"column":24},"end":{"line":152,"column":6}},"42":{"start":{"line":154,"column":4},"end":{"line":165,"column":5}},"43":{"start":{"line":155,"column":6},"end":{"line":164,"column":9}},"44":{"start":{"line":168,"column":27},"end":{"line":168,"column":29}},"45":{"start":{"line":169,"column":4},"end":{"line":174,"column":7}},"46":{"start":{"line":170,"column":6},"end":{"line":172,"column":7}},"47":{"start":{"line":171,"column":8},"end":{"line":171,"column":42}},"48":{"start":{"line":173,"column":6},"end":{"line":173,"column":49}},"49":{"start":{"line":177,"column":25},"end":{"line":177,"column":27}},"50":{"start":{"line":178,"column":24},"end":{"line":187,"column":5}},"51":{"start":{"line":189,"column":33},"end":{"line":189,"column":35}},"52":{"start":{"line":190,"column":29},"end":{"line":190,"column":31}},"53":{"start":{"line":192,"column":4},"end":{"line":219,"column":5}},"54":{"start":{"line":193,"column":27},"end":{"line":193,"column":67}},"55":{"start":{"line":195,"column":6},"end":{"line":199,"column":8}},"56":{"start":{"line":202,"column":6},"end":{"line":204,"column":7}},"57":{"start":{"line":203,"column":8},"end":{"line":203,"column":82}},"58":{"start":{"line":207,"column":6},"end":{"line":207,"column":76}},"59":{"start":{"line":208,"column":6},"end":{"line":208,"column":84}},"60":{"start":{"line":209,"column":6},"end":{"line":209,"column":98}},"61":{"start":{"line":210,"column":6},"end":{"line":210,"column":78}},"62":{"start":{"line":211,"column":6},"end":{"line":211,"column":82}},"63":{"start":{"line":213,"column":6},"end":{"line":215,"column":7}},"64":{"start":{"line":214,"column":8},"end":{"line":214,"column":86}},"65":{"start":{"line":216,"column":6},"end":{"line":218,"column":7}},"66":{"start":{"line":217,"column":8},"end":{"line":217,"column":75}},"67":{"start":{"line":222,"column":4},"end":{"line":223,"column":100}},"68":{"start":{"line":223,"column":55},"end":{"line":223,"column":60}},"69":{"start":{"line":225,"column":4},"end":{"line":226,"column":106}},"70":{"start":{"line":226,"column":52},"end":{"line":226,"column":57}},"71":{"start":{"line":228,"column":4},"end":{"line":229,"column":97}},"72":{"start":{"line":231,"column":4},"end":{"line":232,"column":89}},"73":{"start":{"line":235,"column":26},"end":{"line":235,"column":103}},"74":{"start":{"line":236,"column":23},"end":{"line":236,"column":40}},"75":{"start":{"line":237,"column":4},"end":{"line":240,"column":61}},"76":{"start":{"line":237,"column":29},"end":{"line":237,"column":56}},"77":{"start":{"line":238,"column":9},"end":{"line":240,"column":61}},"78":{"start":{"line":238,"column":34},"end":{"line":238,"column":57}},"79":{"start":{"line":239,"column":9},"end":{"line":240,"column":61}},"80":{"start":{"line":239,"column":34},"end":{"line":239,"column":59}},"81":{"start":{"line":240,"column":9},"end":{"line":240,"column":61}},"82":{"start":{"line":240,"column":34},"end":{"line":240,"column":61}},"83":{"start":{"line":242,"column":4},"end":{"line":258,"column":7}},"84":{"start":{"line":260,"column":4},"end":{"line":260,"column":64}},"85":{"start":{"line":261,"column":4},"end":{"line":265,"column":7}},"86":{"start":{"line":273,"column":19},"end":{"line":273,"column":21}},"87":{"start":{"line":276,"column":2},"end":{"line":288,"column":3}},"88":{"start":{"line":277,"column":4},"end":{"line":281,"column":7}},"89":{"start":{"line":282,"column":9},"end":{"line":288,"column":3}},"90":{"start":{"line":283,"column":4},"end":{"line":287,"column":7}},"91":{"start":{"line":291,"column":2},"end":{"line":303,"column":3}},"92":{"start":{"line":292,"column":4},"end":{"line":296,"column":7}},"93":{"start":{"line":297,"column":9},"end":{"line":303,"column":3}},"94":{"start":{"line":298,"column":4},"end":{"line":302,"column":7}},"95":{"start":{"line":306,"column":21},"end":{"line":311,"column":5}},"96":{"start":{"line":306,"column":73},"end":{"line":311,"column":3}},"97":{"start":{"line":313,"column":19},"end":{"line":315,"column":3}},"98":{"start":{"line":314,"column":4},"end":{"line":314,"column":100}},"99":{"start":{"line":317,"column":20},"end":{"line":319,"column":3}},"100":{"start":{"line":318,"column":4},"end":{"line":318,"column":103}},"101":{"start":{"line":321,"column":2},"end":{"line":327,"column":3}},"102":{"start":{"line":322,"column":4},"end":{"line":326,"column":7}},"103":{"start":{"line":330,"column":2},"end":{"line":336,"column":3}},"104":{"start":{"line":331,"column":4},"end":{"line":335,"column":7}},"105":{"start":{"line":338,"column":2},"end":{"line":338,"column":18}},"106":{"start":{"line":342,"column":36},"end":{"line":426,"column":1}},"107":{"start":{"line":343,"column":2},"end":{"line":425,"column":3}},"108":{"start":{"line":344,"column":19},"end":{"line":344,"column":30}},"109":{"start":{"line":347,"column":21},"end":{"line":349,"column":6}},"110":{"start":{"line":352,"column":20},"end":{"line":352,"column":50}},"111":{"start":{"line":354,"column":4},"end":{"line":374,"column":5}},"112":{"start":{"line":355,"column":6},"end":{"line":373,"column":9}},"113":{"start":{"line":377,"column":23},"end":{"line":377,"column":24}},"114":{"start":{"line":378,"column":19},"end":{"line":378,"column":20}},"115":{"start":{"line":379,"column":22},"end":{"line":379,"column":68}},"116":{"start":{"line":381,"column":4},"end":{"line":394,"column":5}},"117":{"start":{"line":382,"column":23},"end":{"line":382,"column":56}},"118":{"start":{"line":383,"column":27},"end":{"line":383,"column":69}},"119":{"start":{"line":384,"column":18},"end":{"line":384,"column":53}},"120":{"start":{"line":386,"column":6},"end":{"line":386,"column":35}},"121":{"start":{"line":387,"column":6},"end":{"line":387,"column":22}},"122":{"start":{"line":390,"column":6},"end":{"line":393,"column":28}},"123":{"start":{"line":390,"column":42},"end":{"line":390,"column":64}},"124":{"start":{"line":391,"column":11},"end":{"line":393,"column":28}},"125":{"start":{"line":391,"column":47},"end":{"line":391,"column":64}},"126":{"start":{"line":392,"column":11},"end":{"line":393,"column":28}},"127":{"start":{"line":392,"column":47},"end":{"line":392,"column":67}},"128":{"start":{"line":393,"column":11},"end":{"line":393,"column":28}},"129":{"start":{"line":396,"column":27},"end":{"line":396,"column":69}},"130":{"start":{"line":397,"column":23},"end":{"line":397,"column":74}},"131":{"start":{"line":399,"column":25},"end":{"line":399,"column":37}},"132":{"start":{"line":400,"column":4},"end":{"line":402,"column":81}},"133":{"start":{"line":400,"column":49},"end":{"line":400,"column":78}},"134":{"start":{"line":401,"column":9},"end":{"line":402,"column":81}},"135":{"start":{"line":401,"column":54},"end":{"line":401,"column":79}},"136":{"start":{"line":402,"column":9},"end":{"line":402,"column":81}},"137":{"start":{"line":402,"column":54},"end":{"line":402,"column":81}},"138":{"start":{"line":404,"column":4},"end":{"line":417,"column":7}},"139":{"start":{"line":420,"column":4},"end":{"line":420,"column":71}},"140":{"start":{"line":421,"column":4},"end":{"line":424,"column":7}},"141":{"start":{"line":429,"column":38},"end":{"line":513,"column":1}},"142":{"start":{"line":430,"column":2},"end":{"line":512,"column":3}},"143":{"start":{"line":431,"column":23},"end":{"line":431,"column":33}},"144":{"start":{"line":434,"column":21},"end":{"line":436,"column":6}},"145":{"start":{"line":439,"column":20},"end":{"line":439,"column":50}},"146":{"start":{"line":441,"column":4},"end":{"line":461,"column":5}},"147":{"start":{"line":442,"column":6},"end":{"line":460,"column":9}},"148":{"start":{"line":464,"column":23},"end":{"line":464,"column":24}},"149":{"start":{"line":465,"column":19},"end":{"line":465,"column":20}},"150":{"start":{"line":466,"column":22},"end":{"line":466,"column":68}},"151":{"start":{"line":468,"column":4},"end":{"line":481,"column":5}},"152":{"start":{"line":469,"column":23},"end":{"line":469,"column":56}},"153":{"start":{"line":470,"column":27},"end":{"line":470,"column":69}},"154":{"start":{"line":471,"column":18},"end":{"line":471,"column":53}},"155":{"start":{"line":473,"column":6},"end":{"line":473,"column":35}},"156":{"start":{"line":474,"column":6},"end":{"line":474,"column":22}},"157":{"start":{"line":477,"column":6},"end":{"line":480,"column":28}},"158":{"start":{"line":477,"column":42},"end":{"line":477,"column":64}},"159":{"start":{"line":478,"column":11},"end":{"line":480,"column":28}},"160":{"start":{"line":478,"column":47},"end":{"line":478,"column":64}},"161":{"start":{"line":479,"column":11},"end":{"line":480,"column":28}},"162":{"start":{"line":479,"column":47},"end":{"line":479,"column":67}},"163":{"start":{"line":480,"column":11},"end":{"line":480,"column":28}},"164":{"start":{"line":483,"column":27},"end":{"line":483,"column":69}},"165":{"start":{"line":484,"column":23},"end":{"line":484,"column":74}},"166":{"start":{"line":486,"column":25},"end":{"line":486,"column":37}},"167":{"start":{"line":487,"column":4},"end":{"line":489,"column":81}},"168":{"start":{"line":487,"column":49},"end":{"line":487,"column":78}},"169":{"start":{"line":488,"column":9},"end":{"line":489,"column":81}},"170":{"start":{"line":488,"column":54},"end":{"line":488,"column":79}},"171":{"start":{"line":489,"column":9},"end":{"line":489,"column":81}},"172":{"start":{"line":489,"column":54},"end":{"line":489,"column":81}},"173":{"start":{"line":491,"column":4},"end":{"line":504,"column":7}},"174":{"start":{"line":507,"column":4},"end":{"line":507,"column":82}},"175":{"start":{"line":508,"column":4},"end":{"line":511,"column":7}},"176":{"start":{"line":516,"column":33},"end":{"line":554,"column":1}},"177":{"start":{"line":517,"column":2},"end":{"line":553,"column":3}},"178":{"start":{"line":519,"column":21},"end":{"line":521,"column":6}},"179":{"start":{"line":523,"column":31},"end":{"line":523,"column":33}},"180":{"start":{"line":524,"column":4},"end":{"line":537,"column":5}},"181":{"start":{"line":525,"column":28},"end":{"line":527,"column":8}},"182":{"start":{"line":529,"column":6},"end":{"line":536,"column":7}},"183":{"start":{"line":530,"column":8},"end":{"line":535,"column":11}},"184":{"start":{"line":539,"column":4},"end":{"line":545,"column":7}},"185":{"start":{"line":548,"column":4},"end":{"line":548,"column":67}},"186":{"start":{"line":549,"column":4},"end":{"line":552,"column":7}}},"fnMap":{"0":{"name":"(anonymous_0)","decl":{"start":{"line":16,"column":50},"end":{"line":16,"column":51}},"loc":{"start":{"line":16,"column":70},"end":{"line":42,"column":1}},"line":16},"1":{"name":"(anonymous_1)","decl":{"start":{"line":47,"column":47},"end":{"line":47,"column":48}},"loc":{"start":{"line":47,"column":67},"end":{"line":123,"column":1}},"line":47},"2":{"name":"(anonymous_2)","decl":{"start":{"line":128,"column":43},"end":{"line":128,"column":44}},"loc":{"start":{"line":128,"column":63},"end":{"line":267,"column":1}},"line":128},"3":{"name":"(anonymous_3)","decl":{"start":{"line":169,"column":24},"end":{"line":169,"column":25}},"loc":{"start":{"line":169,"column":35},"end":{"line":174,"column":5}},"line":169},"4":{"name":"(anonymous_4)","decl":{"start":{"line":223,"column":45},"end":{"line":223,"column":46}},"loc":{"start":{"line":223,"column":55},"end":{"line":223,"column":60}},"line":223},"5":{"name":"(anonymous_5)","decl":{"start":{"line":226,"column":42},"end":{"line":226,"column":43}},"loc":{"start":{"line":226,"column":52},"end":{"line":226,"column":57}},"line":226},"6":{"name":"generateInsights","decl":{"start":{"line":272,"column":9},"end":{"line":272,"column":25}},"loc":{"start":{"line":272,"column":55},"end":{"line":339,"column":1}},"line":272},"7":{"name":"(anonymous_7)","decl":{"start":{"line":306,"column":54},"end":{"line":306,"column":55}},"loc":{"start":{"line":306,"column":73},"end":{"line":311,"column":3}},"line":306},"8":{"name":"(anonymous_8)","decl":{"start":{"line":313,"column":37},"end":{"line":313,"column":38}},"loc":{"start":{"line":314,"column":4},"end":{"line":314,"column":100}},"line":314},"9":{"name":"(anonymous_9)","decl":{"start":{"line":317,"column":38},"end":{"line":317,"column":39}},"loc":{"start":{"line":318,"column":4},"end":{"line":318,"column":103}},"line":318},"10":{"name":"(anonymous_10)","decl":{"start":{"line":342,"column":36},"end":{"line":342,"column":37}},"loc":{"start":{"line":342,"column":56},"end":{"line":426,"column":1}},"line":342},"11":{"name":"(anonymous_11)","decl":{"start":{"line":429,"column":38},"end":{"line":429,"column":39}},"loc":{"start":{"line":429,"column":58},"end":{"line":513,"column":1}},"line":429},"12":{"name":"(anonymous_12)","decl":{"start":{"line":516,"column":33},"end":{"line":516,"column":34}},"loc":{"start":{"line":516,"column":53},"end":{"line":554,"column":1}},"line":516}},"branchMap":{"0":{"loc":{"start":{"line":21,"column":4},"end":{"line":26,"column":5}},"type":"if","locations":[{"start":{"line":21,"column":4},"end":{"line":26,"column":5}},{"start":{},"end":{}}],"line":21},"1":{"loc":{"start":{"line":52,"column":6},"end":{"line":52,"column":16}},"type":"default-arg","locations":[{"start":{"line":52,"column":14},"end":{"line":52,"column":16}}],"line":52},"2":{"loc":{"start":{"line":53,"column":6},"end":{"line":53,"column":16}},"type":"default-arg","locations":[{"start":{"line":53,"column":15},"end":{"line":53,"column":16}}],"line":53},"3":{"loc":{"start":{"line":61,"column":4},"end":{"line":63,"column":5}},"type":"if","locations":[{"start":{"line":61,"column":4},"end":{"line":63,"column":5}},{"start":{},"end":{}}],"line":61},"4":{"loc":{"start":{"line":65,"column":4},"end":{"line":67,"column":5}},"type":"if","locations":[{"start":{"line":65,"column":4},"end":{"line":67,"column":5}},{"start":{},"end":{}}],"line":65},"5":{"loc":{"start":{"line":69,"column":4},"end":{"line":77,"column":5}},"type":"if","locations":[{"start":{"line":69,"column":4},"end":{"line":77,"column":5}},{"start":{},"end":{}}],"line":69},"6":{"loc":{"start":{"line":69,"column":8},"end":{"line":69,"column":32}},"type":"binary-expr","locations":[{"start":{"line":69,"column":8},"end":{"line":69,"column":18}},{"start":{"line":69,"column":22},"end":{"line":69,"column":32}}],"line":69},"7":{"loc":{"start":{"line":71,"column":6},"end":{"line":73,"column":7}},"type":"if","locations":[{"start":{"line":71,"column":6},"end":{"line":73,"column":7}},{"start":{},"end":{}}],"line":71},"8":{"loc":{"start":{"line":74,"column":6},"end":{"line":76,"column":7}},"type":"if","locations":[{"start":{"line":74,"column":6},"end":{"line":76,"column":7}},{"start":{},"end":{}}],"line":74},"9":{"loc":{"start":{"line":86,"column":4},"end":{"line":99,"column":5}},"type":"if","locations":[{"start":{"line":86,"column":4},"end":{"line":99,"column":5}},{"start":{},"end":{}}],"line":86},"10":{"loc":{"start":{"line":133,"column":6},"end":{"line":133,"column":29}},"type":"default-arg","locations":[{"start":{"line":133,"column":24},"end":{"line":133,"column":29}}],"line":133},"11":{"loc":{"start":{"line":138,"column":4},"end":{"line":146,"column":5}},"type":"if","locations":[{"start":{"line":138,"column":4},"end":{"line":146,"column":5}},{"start":{},"end":{}}],"line":138},"12":{"loc":{"start":{"line":138,"column":8},"end":{"line":138,"column":32}},"type":"binary-expr","locations":[{"start":{"line":138,"column":8},"end":{"line":138,"column":18}},{"start":{"line":138,"column":22},"end":{"line":138,"column":32}}],"line":138},"13":{"loc":{"start":{"line":140,"column":6},"end":{"line":142,"column":7}},"type":"if","locations":[{"start":{"line":140,"column":6},"end":{"line":142,"column":7}},{"start":{},"end":{}}],"line":140},"14":{"loc":{"start":{"line":143,"column":6},"end":{"line":145,"column":7}},"type":"if","locations":[{"start":{"line":143,"column":6},"end":{"line":145,"column":7}},{"start":{},"end":{}}],"line":143},"15":{"loc":{"start":{"line":154,"column":4},"end":{"line":165,"column":5}},"type":"if","locations":[{"start":{"line":154,"column":4},"end":{"line":165,"column":5}},{"start":{},"end":{}}],"line":154},"16":{"loc":{"start":{"line":170,"column":6},"end":{"line":172,"column":7}},"type":"if","locations":[{"start":{"line":170,"column":6},"end":{"line":172,"column":7}},{"start":{},"end":{}}],"line":170},"17":{"loc":{"start":{"line":202,"column":6},"end":{"line":204,"column":7}},"type":"if","locations":[{"start":{"line":202,"column":6},"end":{"line":204,"column":7}},{"start":{},"end":{}}],"line":202},"18":{"loc":{"start":{"line":213,"column":6},"end":{"line":215,"column":7}},"type":"if","locations":[{"start":{"line":213,"column":6},"end":{"line":215,"column":7}},{"start":{},"end":{}}],"line":213},"19":{"loc":{"start":{"line":216,"column":6},"end":{"line":218,"column":7}},"type":"if","locations":[{"start":{"line":216,"column":6},"end":{"line":218,"column":7}},{"start":{},"end":{}}],"line":216},"20":{"loc":{"start":{"line":222,"column":35},"end":{"line":223,"column":99}},"type":"cond-expr","locations":[{"start":{"line":223,"column":6},"end":{"line":223,"column":95}},{"start":{"line":223,"column":98},"end":{"line":223,"column":99}}],"line":222},"21":{"loc":{"start":{"line":225,"column":31},"end":{"line":226,"column":105}},"type":"cond-expr","locations":[{"start":{"line":226,"column":6},"end":{"line":226,"column":101}},{"start":{"line":226,"column":104},"end":{"line":226,"column":105}}],"line":225},"22":{"loc":{"start":{"line":228,"column":48},"end":{"line":229,"column":96}},"type":"cond-expr","locations":[{"start":{"line":229,"column":6},"end":{"line":229,"column":92}},{"start":{"line":229,"column":95},"end":{"line":229,"column":96}}],"line":228},"23":{"loc":{"start":{"line":231,"column":30},"end":{"line":232,"column":88}},"type":"cond-expr","locations":[{"start":{"line":232,"column":6},"end":{"line":232,"column":84}},{"start":{"line":232,"column":87},"end":{"line":232,"column":88}}],"line":231},"24":{"loc":{"start":{"line":237,"column":4},"end":{"line":240,"column":61}},"type":"if","locations":[{"start":{"line":237,"column":4},"end":{"line":240,"column":61}},{"start":{"line":238,"column":9},"end":{"line":240,"column":61}}],"line":237},"25":{"loc":{"start":{"line":238,"column":9},"end":{"line":240,"column":61}},"type":"if","locations":[{"start":{"line":238,"column":9},"end":{"line":240,"column":61}},{"start":{"line":239,"column":9},"end":{"line":240,"column":61}}],"line":238},"26":{"loc":{"start":{"line":239,"column":9},"end":{"line":240,"column":61}},"type":"if","locations":[{"start":{"line":239,"column":9},"end":{"line":240,"column":61}},{"start":{"line":240,"column":9},"end":{"line":240,"column":61}}],"line":239},"27":{"loc":{"start":{"line":240,"column":9},"end":{"line":240,"column":61}},"type":"if","locations":[{"start":{"line":240,"column":9},"end":{"line":240,"column":61}},{"start":{},"end":{}}],"line":240},"28":{"loc":{"start":{"line":247,"column":22},"end":{"line":247,"column":48}},"type":"binary-expr","locations":[{"start":{"line":247,"column":22},"end":{"line":247,"column":32}},{"start":{"line":247,"column":36},"end":{"line":247,"column":48}}],"line":247},"29":{"loc":{"start":{"line":248,"column":22},"end":{"line":248,"column":48}},"type":"binary-expr","locations":[{"start":{"line":248,"column":22},"end":{"line":248,"column":32}},{"start":{"line":248,"column":36},"end":{"line":248,"column":48}}],"line":248},"30":{"loc":{"start":{"line":276,"column":2},"end":{"line":288,"column":3}},"type":"if","locations":[{"start":{"line":276,"column":2},"end":{"line":288,"column":3}},{"start":{"line":282,"column":9},"end":{"line":288,"column":3}}],"line":276},"31":{"loc":{"start":{"line":282,"column":9},"end":{"line":288,"column":3}},"type":"if","locations":[{"start":{"line":282,"column":9},"end":{"line":288,"column":3}},{"start":{},"end":{}}],"line":282},"32":{"loc":{"start":{"line":291,"column":2},"end":{"line":303,"column":3}},"type":"if","locations":[{"start":{"line":291,"column":2},"end":{"line":303,"column":3}},{"start":{"line":297,"column":9},"end":{"line":303,"column":3}}],"line":291},"33":{"loc":{"start":{"line":297,"column":9},"end":{"line":303,"column":3}},"type":"if","locations":[{"start":{"line":297,"column":9},"end":{"line":303,"column":3}},{"start":{},"end":{}}],"line":297},"34":{"loc":{"start":{"line":314,"column":4},"end":{"line":314,"column":100}},"type":"cond-expr","locations":[{"start":{"line":314,"column":86},"end":{"line":314,"column":93}},{"start":{"line":314,"column":96},"end":{"line":314,"column":100}}],"line":314},"35":{"loc":{"start":{"line":318,"column":4},"end":{"line":318,"column":103}},"type":"cond-expr","locations":[{"start":{"line":318,"column":88},"end":{"line":318,"column":95}},{"start":{"line":318,"column":98},"end":{"line":318,"column":103}}],"line":318},"36":{"loc":{"start":{"line":321,"column":2},"end":{"line":327,"column":3}},"type":"if","locations":[{"start":{"line":321,"column":2},"end":{"line":327,"column":3}},{"start":{},"end":{}}],"line":321},"37":{"loc":{"start":{"line":330,"column":2},"end":{"line":336,"column":3}},"type":"if","locations":[{"start":{"line":330,"column":2},"end":{"line":336,"column":3}},{"start":{},"end":{}}],"line":330},"38":{"loc":{"start":{"line":354,"column":4},"end":{"line":374,"column":5}},"type":"if","locations":[{"start":{"line":354,"column":4},"end":{"line":374,"column":5}},{"start":{},"end":{}}],"line":354},"39":{"loc":{"start":{"line":358,"column":16},"end":{"line":358,"column":63}},"type":"binary-expr","locations":[{"start":{"line":358,"column":16},"end":{"line":358,"column":31}},{"start":{"line":358,"column":35},"end":{"line":358,"column":50}},{"start":{"line":358,"column":54},"end":{"line":358,"column":63}}],"line":358},"40":{"loc":{"start":{"line":390,"column":6},"end":{"line":393,"column":28}},"type":"if","locations":[{"start":{"line":390,"column":6},"end":{"line":393,"column":28}},{"start":{"line":391,"column":11},"end":{"line":393,"column":28}}],"line":390},"41":{"loc":{"start"
[...]
rt":{"line":22,"column":12},"end":{"line":22,"column":65}},{"start":{},"end":{}}],"line":22},"4":{"loc":{"start":{"line":23,"column":12},"end":{"line":25,"column":13}},"type":"if","locations":[{"start":{"line":23,"column":12},"end":{"line":25,"column":13}},{"start":{},"end":{}}],"line":23},"5":{"loc":{"start":{"line":31,"column":8},"end":{"line":31,"column":69}},"type":"if","locations":[{"start":{"line":31,"column":8},"end":{"line":31,"column":69}},{"start":{},"end":{}}],"line":31},"6":{"loc":{"start":{"line":32,"column":8},"end":{"line":32,"column":73}},"type":"if","locations":[{"start":{"line":32,"column":8},"end":{"line":32,"column":73}},{"start":{},"end":{}}],"line":32},"7":{"loc":{"start":{"line":33,"column":8},"end":{"line":33,"column":85}},"type":"if","locations":[{"start":{"line":33,"column":8},"end":{"line":33,"column":85}},{"start":{},"end":{}}],"line":33},"8":{"loc":{"start":{"line":34,"column":8},"end":{"line":36,"column":9}},"type":"if","locations":[{"start":{"line":34,"column":8},"end":{"line":36,"column":9}},{"start":{},"end":{}}],"line":34},"9":{"loc":{"start":{"line":37,"column":8},"end":{"line":39,"column":9}},"type":"if","locations":[{"start":{"line":37,"column":8},"end":{"line":39,"column":9}},{"start":{},"end":{}}],"line":37},"10":{"loc":{"start":{"line":43,"column":8},"end":{"line":43,"column":73}},"type":"if","locations":[{"start":{"line":43,"column":8},"end":{"line":43,"column":73}},{"start":{},"end":{}}],"line":43},"11":{"loc":{"start":{"line":44,"column":8},"end":{"line":44,"column":61}},"type":"if","locations":[{"start":{"line":44,"column":8},"end":{"line":44,"column":61}},{"start":{},"end":{}}],"line":44},"12":{"loc":{"start":{"line":45,"column":8},"end":{"line":50,"column":9}},"type":"if","locations":[{"start":{"line":45,"column":8},"end":{"line":50,"column":9}},{"start":{},"end":{}}],"line":45},"13":{"loc":{"start":{"line":47,"column":12},"end":{"line":47,"column":57}},"type":"if","locations":[{"start":{"line":47,"column":12},"end":{"line":47,"column":57}},{"start":{},"end":{}}],"line":47},"14":{"loc":{"start":{"line":48,"column":12},"end":{"line":48,"column":59}},"type":"if","locations":[{"start":{"line":48,"column":12},"end":{"line":48,"column":59}},{"start":{},"end":{}}],"line":48},"15":{"loc":{"start":{"line":54,"column":8},"end":{"line":54,"column":69}},"type":"if","locations":[{"start":{"line":54,"column":8},"end":{"line":54,"column":69}},{"start":{},"end":{}}],"line":54},"16":{"loc":{"start":{"line":55,"column":8},"end":{"line":55,"column":87}},"type":"if","locations":[{"start":{"line":55,"column":8},"end":{"line":55,"column":87}},{"start":{},"end":{}}],"line":55},"17":{"loc":{"start":{"line":56,"column":8},"end":{"line":56,"column":77}},"type":"if","locations":[{"start":{"line":56,"column":8},"end":{"line":56,"column":77}},{"start":{},"end":{}}],"line":56},"18":{"loc":{"start":{"line":57,"column":8},"end":{"line":59,"column":9}},"type":"if","locations":[{"start":{"line":57,"column":8},"end":{"line":59,"column":9}},{"start":{},"end":{}}],"line":57},"19":{"loc":{"start":{"line":60,"column":8},"end":{"line":62,"column":9}},"type":"if","locations":[{"start":{"line":60,"column":8},"end":{"line":62,"column":9}},{"start":{},"end":{}}],"line":60},"20":{"loc":{"start":{"line":66,"column":8},"end":{"line":76,"column":9}},"type":"if","locations":[{"start":{"line":66,"column":8},"end":{"line":76,"column":9}},{"start":{},"end":{}}],"line":66},"21":{"loc":{"start":{"line":68,"column":12},"end":{"line":68,"column":69}},"type":"if","locations":[{"start":{"line":68,"column":12},"end":{"line":68,"column":69}},{"start":{},"end":{}}],"line":68},"22":{"loc":{"start":{"line":69,"column":12},"end":{"line":71,"column":13}},"type":"if","locations":[{"start":{"line":69,"column":12},"end":{"line":71,"column":13}},{"start":{},"end":{}}],"line":69},"23":{"loc":{"start":{"line":72,"column":12},"end":{"line":74,"column":13}},"type":"if","locations":[{"start":{"line":72,"column":12},"end":{"line":74,"column":13}},{"start":{},"end":{}}],"line":72},"24":{"loc":{"start":{"line":80,"column":8},"end":{"line":100,"column":9}},"type":"if","locations":[{"start":{"line":80,"column":8},"end":{"line":100,"column":9}},{"start":{},"end":{}}],"line":80},"25":{"loc":{"start":{"line":82,"column":12},"end":{"line":82,"column":63}},"type":"if","locations":[{"start":{"line":82,"column":12},"end":{"line":82,"column":63}},{"start":{},"end":{}}],"line":82},"26":{"loc":{"start":{"line":83,"column":12},"end":{"line":83,"column":73}},"type":"if","locations":[{"start":{"line":83,"column":12},"end":{"line":83,"column":73}},{"start":{},"end":{}}],"line":83},"27":{"loc":{"start":{"line":84,"column":12},"end":{"line":84,"column":77}},"type":"if","locations":[{"start":{"line":84,"column":12},"end":{"line":84,"column":77}},{"start":{},"end":{}}],"line":84},"28":{"loc":{"start":{"line":85,"column":12},"end":{"line":98,"column":13}},"type":"if","locations":[{"start":{"line":85,"column":12},"end":{"line":98,"column":13}},{"start":{},"end":{}}],"line":85},"29":{"loc":{"start":{"line":87,"column":14},"end":{"line":94,"column":15}},"type":"if","locations":[{"start":{"line":87,"column":14},"end":{"line":94,"column":15}},{"start":{},"end":{}}],"line":87},"30":{"loc":{"start":{"line":89,"column":18},"end":{"line":89,"column":65}},"type":"if","locations":[{"start":{"line":89,"column":18},"end":{"line":89,"column":65}},{"start":{},"end":{}}],"line":89},"31":{"loc":{"start":{"line":90,"column":18},"end":{"line":92,"column":19}},"type":"if","locations":[{"start":{"line":90,"column":18},"end":{"line":92,"column":19}},{"start":{},"end":{}}],"line":90},"32":{"loc":{"start":{"line":95,"column":14},"end":{"line":97,"column":15}},"type":"if","locations":[{"start":{"line":95,"column":14},"end":{"line":97,"column":15}},{"start":{},"end":{}}],"line":95},"33":{"loc":{"start":{"line":112,"column":20},"end":{"line":112,"column":78}},"type":"binary-expr","locations":[{"start":{"line":112,"column":20},"end":{"line":112,"column":24}},{"start":{"line":112,"column":28},"end":{"line":112,"column":52}},{"start":{"line":112,"column":56},"end":{"line":112,"column":78}}],"line":112},"34":{"loc":{"start":{"line":193,"column":2},"end":{"line":201,"column":3}},"type":"if","locations":[{"start":{"line":193,"column":2},"end":{"line":201,"column":3}},{"start":{},"end":{}}],"line":193},"35":{"loc":{"start":{"line":193,"column":6},"end":{"line":193,"column":34}},"type":"binary-expr","locations":[{"start":{"line":193,"column":6},"end":{"line":193,"column":12}},{"start":{"line":193,"column":16},"end":{"line":193,"column":34}}],"line":193},"36":{"loc":{"start":{"line":212,"column":6},"end":{"line":216,"column":7}},"type":"if","locations":[{"start":{"line":212,"column":6},"end":{"line":216,"column":7}},{"start":{"line":214,"column":13},"end":{"line":216,"column":7}}],"line":212},"37":{"loc":{"start":{"line":223,"column":21},"end":{"line":223,"column":95}},"type":"cond-expr","locations":[{"start":{"line":223,"column":42},"end":{"line":223,"column":91}},{"start":{"line":223,"column":94},"end":{"line":223,"column":95}}],"line":223},"38":{"loc":{"start":{"line":268,"column":2},"end":{"line":277,"column":3}},"type":"if","locations":[{"start":{"line":268,"column":2},"end":{"line":277,"column":3}},{"start":{},"end":{}}],"line":268},"39":{"loc":{"start":{"line":268,"column":6},"end":{"line":268,"column":34}},"type":"binary-expr","locations":[{"start":{"line":268,"column":6},"end":{"line":268,"column":12}},{"start":{"line":268,"column":16},"end":{"line":268,"column":34}}],"line":268},"40":{"loc":{"start":{"line":288,"column":16},"end":{"line":288,"column":94}},"type":"cond-expr","locations":[{"start":{"line":288,"column":36},"end":{"line":288,"column":90}},{"start":{"line":288,"column":93},"end":{"line":288,"column":94}}],"line":288},"41":{"loc":{"start":{"line":292,"column":40},"end":{"line":292,"column":69}},"type":"cond-expr","locations":[{"start":{"line":292,"column":59},"end":{"line":292,"column":64}},{"start":{"line":292,"column":67},"end":{"line":292,"column":69}}],"line":292},"42":{"loc":{"start":{"line":305,"column":20},"end":{"line":305,"column":92}},"type":"cond-expr","locations":[{"start":{"line":305,"column":38},"end":{"line":305,"column":88}},{"start":{"line":305,"column":91},"end":{"line":305,"column":92}}],"line":305},"43":{"loc":{"start":{"line":309,"column":21},"end":{"line":310,"column":97}},"type":"cond-expr","locations":[{"start":{"line":310,"column":4},"end":{"line":310,"column":93}},{"start":{"line":310,"column":96},"end":{"line":310,"column":97}}],"line":309},"44":{"loc":{"start":{"line":315,"column":29},"end":{"line":315,"column":55}},"type":"binary-expr","locations":[{"start":{"line":315,"column":29},"end":{"line":315,"column":50}},{"start":{"line":315,"column":54},"end":{"line":315,"column":55}}],"line":315},"45":{"loc":{"start":{"line":345,"column":4},"end":{"line":354,"column":5}},"type":"if","locations":[{"start":{"line":345,"column":4},"end":{"line":354,"column":5}},{"start":{},"end":{}}],"line":345},"46":{"loc":{"start":{"line":370,"column":36},"end":{"line":370,"column":66}},"type":"cond-expr","locations":[{"start":{"line":370,"column":56},"end":{"line":370,"column":61}},{"start":{"line":370,"column":64},"end":{"line":370,"column":66}}],"line":370},"47":{"loc":{"start":{"line":406,"column":2},"end":{"line":415,"column":3}},"type":"if","locations":[{"start":{"line":406,"column":2},"end":{"line":415,"column":3}},{"start":{},"end":{}}],"line":406},"48":{"loc":{"start":{"line":406,"column":6},"end":{"line":406,"column":40}},"type":"binary-expr","locations":[{"start":{"line":406,"column":6},"end":{"line":406,"column":15}},{"start":{"line":406,"column":19},"end":{"line":406,"column":40}}],"line":406},"49":{"loc":{"start":{"line":432,"column":4},"end":{"line":449,"column":5}},"type":"if","locations":[{"start":{"line":432,"column":4},"end":{"line":449,"column":5}},{"start":{},"end":{}}],"line":432},"50":{"loc":{"start":{"line":442,"column":6},"end":{"line":444,"column":7}},"type":"if","locations":[{"start":{"line":442,"column":6},"end":{"line":444,"column":7}},{"start":{},"end":{}}],"line":442},"51":{"loc":{"start":{"line":446,"column":6},"end":{"line":448,"column":7}},"type":"if","locations":[{"start":{"line":446,"column":6},"end":{"line":448,"column":7}},{"start":{},"end":{}}],"line":446},"52":{"loc":{"start":{"line":453,"column":25},"end":{"line":454,"column":137}},"type":"cond-expr","locations":[{"start":{"line":454,"column":4},"end":{"line":454,"column":133}},{"start":{"line":454,"column":136},"end":{"line":454,"column":137}}],"line":453},"53":{"loc":{"start":{"line":456,"column":21},"end":{"line":457,"column":125}},"type":"cond-expr","locations":[{"start":{"line":457,"column":4},"end":{"line":457,"column":121}},{"start":{"line":457,"column":124},"end":{"line":457,"column":125}}],"line":456},"54":{"loc":{"start":{"line":459,"column":20},"end":{"line":460,"column":94}},"type":"cond-expr","locations":[{"start":{"line":460,"column":4},"end":{"line":460,"column":90}},{"start":{"line":460,"column":93},"end":{"line":460,"column":94}}],"line":459},"55":{"loc":{"start":{"line":476,"column":35},"end":{"line":477,"column":106}},"type":"cond-expr","locations":[{"start":{"line":477,"column":8},"end":{"line":477,"column":102}},{"start":{"line":477,"column":105},"end":{"line":477,"column":106}}],"line":476},"56":{"loc":{"start":{"line":497,"column":2},"end":{"line":497,"column":46}},"type":"if","locations":[{"start":{"line":497,"column":2},"end":{"line":497,"column":46}},{"start":{},"end":{}}],"line":497},"57":{"loc":{"start":{"line":498,"column":2},"end":{"line":498,"column":42}},"type":"if","locations":[{"start":{"line":498,"column":2},"end":{"line":498,"column":42}},{"start":{},"end":{}}],"line":498},"58":{"loc":{"start":{"line":499,"column":2},"end":{"line":499,"column":44}},"type":"if","locations":[{"start":{"line":499,"column":2},"end":{"line":499,"column":44}},{"start":{},"end":{}}],"line":499},"59":{"loc":{"start":{"line":500,"column":2},"end":{"line":500,"column":46}},"type":"if","locations":[{"start":{"line":500,"column":2},"end":{"line":500,"column":46}},{"start":{},"end":{}}],"line":500},"60":{"loc":{"start":{"line":514,"column":4},"end":{"line":522,"column":5}},"type":"if","locations":[{"start":{"line":514,"column":4},"end":{"line":522,"column":5}},{"start":{},"end":{}}],"line":514},"61":{"loc":{"start":{"line":532,"column":27},"end":{"line":533,"column":105}},"type":"cond-expr","locations":[{"start":{"line":533,"column":6},"end":{"line":533,"column":101}},{"start":{"line":533,"column":104},"end":{"line":533,"column":105}}],"line":532},"62":{"loc":{"start":{"line":534,"column":23},"end":{"line":535,"column":111}},"type":"cond-expr","locations":[{"start":{"line":535,"column":6},"end":{"line":535,"column":107}},{"start":{"line":535,"column":110},"end":{"line":535,"column":111}}],"line":534}},"s":{"0":0,"1":0,"2":0,"3":0,"4":0,"5":0,"6":0,"7":0,"8":0,"9":0,"10":0,"11":0,"12":0,"13":0,"14":0,"15":0,"16":0,"17":0,"18":0,"19":0,"20":0,"21":0,"22":0,"23":0,"24":0,"25":0,"26":0,"27":0,"28":0,"29":0,"30":0,"31":0,"32":0,"33":0,"34":0,"35":0,"36":0,"37":0,"38":0,"39":0,"40":0,"41":0,"42":0,"43":0,"44":0,"45":0,"46":0,"47":0,"48":0,"49":0,"50":0,"51":0,"52":0,"53":0,"54":0,"55":0,"56":0,"57":0,"58":0,"59":0,"60":0,"61":0,"62":0,"63":0,"64":0,"65":0,"66":0,"67":0,"68":0,"69":0,"70":0,"71":0,"72":0,"73":0,"74":0,"75":0,"76":0,"77":0,"78":0,"79":0,"80":0,"81":0,"82":0,"83":0,"84":0,"85":0,"86":0,"87":0,"88":0,"89":0,"90":0,"91":0,"92":0,"93":0,"94":0,"95":0,"96":0,"97":0,"98":0,"99":0,"100":0,"101":0,"102":0,"103":0,"104":0,"105":0,"106":0,"107":0,"108":0,"109":0,"110":0,"111":0,"112":0,"113":0,"114":0,"115":0,"116":0,"117":0,"118":0,"119":0,"120":0,"121":0,"122":0,"123":0,"124":0,"125":0,"126":0,"127":0,"128":0,"129":0,"130":0,"131":0,"132":0,"133":0,"134":0,"135":0,"136":0,"137":0,"138":0,"139":0,"140":0,"141":0,"142":0,"143":0,"144":0,"145":0,"146":0,"147":0,"148":0,"149":0,"150":0,"151":0,"152":0,"153":0,"154":0,"155":0,"156":0,"157":0,"158":0,"159":0,"160":0,"161":0,"162":0,"163":0,"164":0,"165":0,"166":0,"167":0,"168":0,"169":0,"170":0,"171":0,"172":0,"173":0,"174":0,"175":0,"176":0,"177":0,"178":0,"179":0,"180":0,"181":0,"182":0,"183":0,"184":0,"185":0,"186":0,"187":0,"188":0,"189":0,"190":0,"191":0,"192":0,"193":0,"194":0,"195":0,"196":0,"197":0,"198":0,"199":0,"200":0,"201":0,"202":0,"203":0,"204":0,"205":0,"206":0,"207":0,"208":0,"209":0,"210":0,"211":0,"212":0,"213":0,"214":0},"f":{"0":0,"1":0,"2":0,"3":0,"4":0,"5":0,"6":0,"7":0,"8":0,"9":0,"10":0,"11":0,"12":0,"13":0,"14":0,"15":0,"16":0,"17":0,"18":0,"19":0,"20":0,"21":0,"22":0,"23":0,"24":0,"25":0,"26":0,"27":0,"28":0,"29":0,"30":0,"31":0,"32":0,"33":0,"34":0,"35":0,"36":0,"37":0,"38":0,"39":0,"40":0,"41":0,"42":0,"43":0,"44":0,"45":0,"46":0,"47":0,"48":0,"49":0},"b":{"0":[0,0,0,0,0,0,0],"1":[0,0],"2":[0,0],"3":[0,0],"4":[0,0],"5":[0,0],"6":[0,0],"7":[0,0],"8":[0,0],"9":[0,0],"10":[0,0],"11":[0,0],"12":[0,0],"13":[0,0],"14":[0,0],"15":[0,0],"16":[0,0],"17":[0,0],"18":[0,0],"19":[0,0],"20":[0,0],"21":[0,0],"22":[0,0],"23":[0,0],"24":[0,0],"25":[0,0],"26":[0,0],"27":[0,0],"28":[0,0],"29":[0,0],"30":[0,0],"31":[0,0],"32":[0,0],"33":[0,0,0],"34":[0,0],"35":[0,0],"36":[0,0],"37":[0,0],"38":[0,0],"39":[0,0],"40":[0,0],"41":[0,0],"42":[0,0],"43":[0,0],"44":[0,0],"45":[0,0],"46":[0,0],"47":[0,0],"48":[0,0],"49":[0,0],"50":[0,0],"51":[0,0],"52":[0,0],"53":[0,0],"54":[0,0],"55":[0,0],"56":[0,0],"57":[0,0],"58":[0,0],"59":[0,0],"60":[0,0],"61":[0,0],"62":[0,0]}}
,"E:\\project\\server\\src\\utils\\validation.js": {"path":"E:\\project\\server\\src\\utils\\validation.js","statementMap":{"0":{"start":{"line":3,"column":25},"end":{"line":6,"column":1}},"1":{"start":{"line":8,"column":27},"end":{"line":17,"column":1}},"2":{"start":{"line":19,"column":26},"end":{"line":19,"column":84}},"3":{"start":{"line":21,"column":25},"end":{"line":49,"column":1}},"4":{"start":{"line":22,"column":25},"end":{"line":22,"column":37}},"5":{"start":{"line":24,"column":4},"end":{"line":26,"column":5}},"6":{"start":{"line":25,"column":6},"end":{"line":25,"column":75}},"7":{"start":{"line":28,"column":4},"end":{"line":30,"column":5}},"8":{"start":{"line":29,"column":8},"end":{"line":29,"column":70}},"9":{"start":{"line":32,"column":4},"end":{"line":34,"column":5}},"10":{"start":{"line":33,"column":8},"end":{"line":33,"column":76}},"11":{"start":{"line":36,"column":4},"end":{"line":38,"column":5}},"12":{"start":{"line":37,"column":6},"end":{"line":37,"column":84}},"13":{"start":{"line":40,"column":4},"end":{"line":42,"column":5}},"14":{"start":{"line":41,"column":8},"end":{"line":41,"column":76}},"15":{"start":{"line":44,"column":4},"end":{"line":46,"column":5}},"16":{"start":{"line":45,"column":8},"end":{"line":45,"column":76}},"17":{"start":{"line":48,"column":4},"end":{"line":48,"column":16}},"18":{"start":{"line":51,"column":30},"end":{"line":57,"column":1}},"19":{"start":{"line":52,"column":2},"end":{"line":56,"column":72}},"20":{"start":{"line":56,"column":29},"end":{"line":56,"column":70}},"21":{"start":{"line":59,"column":38},"end":{"line":68,"column":3}},"22":{"start":{"line":60,"column":4},"end":{"line":67,"column":9}},"23":{"start":{"line":65,"column":8},"end":{"line":65,"column":32}},"24":{"start":{"line":65,"column":20},"end":{"line":65,"column":32}},"25":{"start":{"line":66,"column":8},"end":{"line":66,"column":57}}},"fnMap":{"0":{"name":"(anonymous_0)","decl":{"start":{"line":21,"column":25},"end":{"line":21,"column":26}},"loc":{"start":{"line":21,"column":84},"end":{"line":49,"column":1}},"line":21},"1":{"name":"(anonymous_1)","decl":{"start":{"line":51,"column":30},"end":{"line":51,"column":31}},"loc":{"start":{"line":51,"column":57},"end":{"line":57,"column":1}},"line":51},"2":{"name":"(anonymous_2)","decl":{"start":{"line":56,"column":12},"end":{"line":56,"column":13}},"loc":{"start":{"line":56,"column":29},"end":{"line":56,"column":70}},"line":56},"3":{"name":"(anonymous_3)","decl":{"start":{"line":59,"column":38},"end":{"line":59,"column":39}},"loc":{"start":{"line":59,"column":65},"end":{"line":68,"column":3}},"line":59},"4":{"name":"(anonymous_4)","decl":{"start":{"line":64,"column":14},"end":{"line":64,"column":15}},"loc":{"start":{"line":64,"column":31},"end":{"line":67,"column":7}},"line":64}},"branchMap":{"0":{"loc":{"start":{"line":24,"column":4},"end":{"line":26,"column":5}},"type":"if","locations":[{"start":{"line":24,"column":4},"end":{"line":26,"column":5}},{"start":{},"end":{}}],"line":24},"1":{"loc":{"start":{"line":28,"column":4},"end":{"line":30,"column":5}},"type":"if","locations":[{"start":{"line":28,"column":4},"end":{"line":30,"column":5}},{"start":{},"end":{}}],"line":28},"2":{"loc":{"start":{"line":32,"column":4},"end":{"line":34,"column":5}},"type":"if","locations":[{"start":{"line":32,"column":4},"end":{"line":34,"column":5}},{"start":{},"end":{}}],"line":32},"3":{"loc":{"start":{"line":36,"column":4},"end":{"line":38,"column":5}},"type":"if","locations":[{"start":{"line":36,"column":4},"end":{"line":38,"column":5}},{"start":{},"end":{}}],"line":36},"4":{"loc":{"start":{"line":40,"column":4},"end":{"line":42,"column":5}},"type":"if","locations":[{"start":{"line":40,"column":4},"end":{"line":42,"column":5}},{"start":{},"end":{}}],"line":40},"5":{"loc":{"start":{"line":44,"column":4},"end":{"line":46,"column":5}},"type":"if","locations":[{"start":{"line":44,"column":4},"end":{"line":46,"column":5}},{"start":{},"end":{}}],"line":44},"6":{"loc":{"start":{"line":65,"column":8},"end":{"line":65,"column":32}},"type":"if","locations":[{"start":{"line":65,"column":8},"end":{"line":65,"column":32}},{"start":{},"end":{}}],"line":65}},"s":{"0":0,"1":0,"2":0,"3":0,"4":0,"5":0,"6":0,"7":0,"8":0,"9":0,"10":0,"11":0,"12":0,"13":0,"14":0,"15":0,"16":0,"17":0,"18":0,"19":0,"20":0,"21":0,"22":0,"23":0,"24":0,"25":0},"f":{"0":0,"1":0,"2":0,"3":0,"4":0},"b":{"0":[0,0],"1":[0,0],"2":[0,0],"3":[0,0],"4":[0,0],"5":[0,0],"6":[0,0]}}
}
