TN:
SF:src\controllers\auth.controller.js
FN:9,(anonymous_0)
FN:54,(anonymous_1)
FN:108,(anonymous_2)
FN:118,(anonymous_3)
FN:144,(anonymous_4)
FN:197,(anonymous_5)
FNF:6
FNH:0
FNDA:0,(anonymous_0)
FNDA:0,(anonymous_1)
FNDA:0,(anonymous_2)
FNDA:0,(anonymous_3)
FNDA:0,(anonymous_4)
FNDA:0,(anonymous_5)
DA:9,0
DA:10,0
DA:12,0
DA:13,0
DA:14,0
DA:20,0
DA:23,0
DA:24,0
DA:25,0
DA:32,0
DA:39,0
DA:49,0
DA:54,0
DA:55,0
DA:57,0
DA:58,0
DA:59,0
DA:65,0
DA:68,0
DA:69,0
DA:70,0
DA:77,0
DA:78,0
DA:79,0
DA:86,0
DA:92,0
DA:103,0
DA:108,0
DA:111,0
DA:118,0
DA:119,0
DA:121,0
DA:123,0
DA:127,0
DA:128,0
DA:134,0
DA:139,0
DA:144,0
DA:145,0
DA:146,0
DA:147,0
DA:148,0
DA:154,0
DA:157,0
DA:158,0
DA:160,0
DA:167,0
DA:173,0
DA:176,0
DA:177,0
DA:184,0
DA:186,0
DA:191,0
DA:192,0
DA:197,0
DA:198,0
DA:199,0
DA:200,0
DA:201,0
DA:207,0
DA:210,0
DA:221,0
DA:222,0
DA:229,0
DA:230,0
DA:231,0
DA:238,0
DA:239,0
DA:242,0
DA:243,0
DA:245,0
DA:250,0
DA:251,0
LF:73
LH:0
BRDA:13,0,0,0
BRDA:13,0,1,0
BRDA:24,1,0,0
BRDA:24,1,1,0
BRDA:58,2,0,0
BRDA:58,2,1,0
BRDA:69,3,0,0
BRDA:69,3,1,0
BRDA:78,4,0,0
BRDA:78,4,1,0
BRDA:127,5,0,0
BRDA:127,5,1,0
BRDA:147,6,0,0
BRDA:147,6,1,0
BRDA:158,7,0,0
BRDA:158,7,1,0
BRDA:200,8,0,0
BRDA:200,8,1,0
BRDA:221,9,0,0
BRDA:221,9,1,0
BRDA:230,10,0,0
BRDA:230,10,1,0
BRF:22
BRH:0
end_of_record
TN:
SF:src\controllers\exams.controller.js
FN:9,(anonymous_0)
FN:38,(anonymous_1)
FN:51,(anonymous_2)
FN:63,(anonymous_3)
FN:74,(anonymous_4)
FN:88,(anonymous_5)
FN:106,(anonymous_6)
FN:133,(anonymous_7)
FN:165,(anonymous_8)
FNF:9
FNH:0
FNDA:0,(anonymous_0)
FNDA:0,(anonymous_1)
FNDA:0,(anonymous_2)
FNDA:0,(anonymous_3)
FNDA:0,(anonymous_4)
FNDA:0,(anonymous_5)
FNDA:0,(anonymous_6)
FNDA:0,(anonymous_7)
FNDA:0,(anonymous_8)
DA:2,0
DA:9,0
DA:10,0
DA:12,0
DA:13,0
DA:14,0
DA:20,0
DA:21,0
DA:22,0
DA:23,0
DA:24,0
DA:31,0
DA:33,0
DA:38,0
DA:39,0
DA:40,0
DA:44,0
DA:46,0
DA:51,0
DA:52,0
DA:53,0
DA:54,0
DA:55,0
DA:56,0
DA:58,0
DA:63,0
DA:64,0
DA:65,0
DA:66,0
DA:68,0
DA:69,0
DA:71,0
DA:72,0
DA:74,0
DA:75,0
DA:76,0
DA:77,0
DA:81,0
DA:84,0
DA:87,0
DA:88,0
DA:91,0
DA:99,0
DA:101,0
DA:106,0
DA:107,0
DA:108,0
DA:111,0
DA:115,0
DA:116,0
DA:121,0
DA:127,0
DA:128,0
DA:133,0
DA:134,0
DA:135,0
DA:138,0
DA:142,0
DA:143,0
DA:150,0
DA:154,0
DA:160,0
DA:165,0
DA:166,0
DA:167,0
DA:170,0
DA:174,0
DA:175,0
DA:182,0
DA:187,0
DA:189,0
DA:194,0
LF:72
LH:0
BRDA:13,0,0,0
BRDA:13,0,1,0
BRDA:55,1,0,0
BRDA:55,1,1,0
BRDA:69,2,0,0
BRDA:69,2,1,0
BRDA:76,3,0,0
BRDA:76,3,1,0
BRDA:76,4,0,0
BRDA:76,4,1,0
BRDA:84,5,0,0
BRDA:84,5,1,0
BRDA:87,6,0,0
BRDA:87,6,1,0
BRDA:115,7,0,0
BRDA:115,7,1,0
BRDA:142,8,0,0
BRDA:142,8,1,0
BRDA:174,9,0,0
BRDA:174,9,1,0
BRF:20
BRH:0
end_of_record
TN:
SF:src\controllers\metrics.controller.js
FN:8,(anonymous_0)
FN:44,(anonymous_1)
FN:56,(anonymous_2)
FN:56,(anonymous_3)
FN:93,(anonymous_4)
FN:175,(anonymous_5)
FN:230,getGrammaticalInterpretation
FN:238,getLexicalInterpretation
FN:246,getGrammaticalLevel
FN:253,getLexicalLevel
FN:260,getGrammaticalColor
FN:267,getLexicalColor
FN:274,getQualityColor
FN:284,generateRecommendations
FNF:14
FNH:0
FNDA:0,(anonymous_0)
FNDA:0,(anonymous_1)
FNDA:0,(anonymous_2)
FNDA:0,(anonymous_3)
FNDA:0,(anonymous_4)
FNDA:0,(anonymous_5)
FNDA:0,getGrammaticalInterpretation
FNDA:0,getLexicalInterpretation
FNDA:0,getGrammaticalLevel
FNDA:0,getLexicalLevel
FNDA:0,getGrammaticalColor
FNDA:0,getLexicalColor
FNDA:0,getQualityColor
FNDA:0,generateRecommendations
DA:8,0
DA:9,0
DA:10,0
DA:13,0
DA:20,0
DA:21,0
DA:28,0
DA:30,0
DA:36,0
DA:37,0
DA:44,0
DA:45,0
DA:46,0
DA:49,0
DA:51,0
DA:52,0
DA:55,0
DA:56,0
DA:57,0
DA:58,0
DA:63,0
DA:69,0
DA:70,0
DA:77,0
DA:79,0
DA:85,0
DA:86,0
DA:93,0
DA:94,0
DA:95,0
DA:98,0
DA:99,0
DA:102,0
DA:109,0
DA:110,0
DA:114,0
DA:120,0
DA:121,0
DA:137,0
DA:140,0
DA:161,0
DA:167,0
DA:168,0
DA:175,0
DA:176,0
DA:178,0
DA:184,0
DA:185,0
DA:195,0
DA:197,0
DA:218,0
DA:223,0
DA:224,0
DA:231,0
DA:232,0
DA:233,0
DA:234,0
DA:235,0
DA:239,0
DA:240,0
DA:241,0
DA:242,0
DA:243,0
DA:247,0
DA:248,0
DA:249,0
DA:250,0
DA:254,0
DA:255,0
DA:256,0
DA:257,0
DA:261,0
DA:262,0
DA:263,0
DA:264,0
DA:268,0
DA:269,0
DA:270,0
DA:271,0
DA:275,0
DA:276,0
DA:277,0
DA:278,0
DA:279,0
DA:280,0
DA:285,0
DA:287,0
DA:288,0
DA:295,0
DA:296,0
DA:303,0
DA:304,0
DA:311,0
LF:93
LH:0
BRDA:20,0,0,0
BRDA:20,0,1,0
BRDA:46,1,0,0
BRDA:51,2,0,0
BRDA:51,2,1,0
BRDA:55,3,0,0
BRDA:55,3,1,0
BRDA:57,4,0,0
BRDA:57,4,1,0
BRDA:69,5,0,0
BRDA:69,5,1,0
BRDA:95,6,0,0
BRDA:109,7,0,0
BRDA:109,7,1,0
BRDA:120,8,0,0
BRDA:120,8,1,0
BRDA:184,9,0,0
BRDA:184,9,1,0
BRDA:231,10,0,0
BRDA:231,10,1,0
BRDA:232,11,0,0
BRDA:232,11,1,0
BRDA:233,12,0,0
BRDA:233,12,1,0
BRDA:234,13,0,0
BRDA:234,13,1,0
BRDA:239,14,0,0
BRDA:239,14,1,0
BRDA:240,15,0,0
BRDA:240,15,1,0
BRDA:241,16,0,0
BRDA:241,16,1,0
BRDA:242,17,0,0
BRDA:242,17,1,0
BRDA:247,18,0,0
BRDA:247,18,1,0
BRDA:248,19,0,0
BRDA:248,19,1,0
BRDA:249,20,0,0
BRDA:249,20,1,0
BRDA:254,21,0,0
BRDA:254,21,1,0
BRDA:255,22,0,0
BRDA:255,22,1,0
BRDA:256,23,0,0
BRDA:256,23,1,0
BRDA:261,24,0,0
BRDA:261,24,1,0
BRDA:262,25,0,0
BRDA:262,25,1,0
BRDA:263,26,0,0
BRDA:263,26,1,0
BRDA:268,27,0,0
BRDA:268,27,1,0
BRDA:269,28,0,0
BRDA:269,28,1,0
BRDA:270,29,0,0
BRDA:270,29,1,0
BRDA:275,30,0,0
BRDA:275,30,1,0
BRDA:275,30,2,0
BRDA:275,30,3,0
BRDA:275,30,4,0
BRDA:287,31,0,0
BRDA:287,31,1,0
BRDA:295,32,0,0
BRDA:295,32,1,0
BRDA:303,33,0,0
BRDA:303,33,1,0
BRDA:303,34,0,0
BRDA:303,34,1,0
BRF:71
BRH:0
end_of_record
TN:
SF:src\controllers\recursos.controller.js
FN:12,(anonymous_0)
FN:30,(anonymous_1)
FN:56,(anonymous_2)
FN:96,(anonymous_3)
FN:141,(anonymous_4)
FN:171,(anonymous_5)
FN:211,(anonymous_6)
FN:227,generateHtmlTemplate
FN:262,(anonymous_8)
FN:273,(anonymous_9)
FN:307,(anonymous_10)
FN:315,(anonymous_11)
FN:337,(anonymous_12)
FN:369,(anonymous_13)
FN:376,(anonymous_14)
FN:394,(anonymous_15)
FN:398,(anonymous_16)
FN:413,(anonymous_17)
FN:423,(anonymous_18)
FN:433,(anonymous_19)
FN:439,(anonymous_20)
FN:448,(anonymous_21)
FN:463,(anonymous_22)
FNF:23
FNH:0
FNDA:0,(anonymous_0)
FNDA:0,(anonymous_1)
FNDA:0,(anonymous_2)
FNDA:0,(anonymous_3)
FNDA:0,(anonymous_4)
FNDA:0,(anonymous_5)
FNDA:0,(anonymous_6)
FNDA:0,generateHtmlTemplate
FNDA:0,(anonymous_8)
FNDA:0,(anonymous_9)
FNDA:0,(anonymous_10)
FNDA:0,(anonymous_11)
FNDA:0,(anonymous_12)
FNDA:0,(anonymous_13)
FNDA:0,(anonymous_14)
FNDA:0,(anonymous_15)
FNDA:0,(anonymous_16)
FNDA:0,(anonymous_17)
FNDA:0,(anonymous_18)
FNDA:0,(anonymous_19)
FNDA:0,(anonymous_20)
FNDA:0,(anonymous_21)
FNDA:0,(anonymous_22)
DA:8,0
DA:9,0
DA:12,0
DA:13,0
DA:14,0
DA:19,0
DA:25,0
DA:30,0
DA:31,0
DA:32,0
DA:39,0
DA:40,0
DA:46,0
DA:51,0
DA:56,0
DA:57,0
DA:59,0
DA:60,0
DA:61,0
DA:67,0
DA:70,0
DA:71,0
DA:72,0
DA:73,0
DA:76,0
DA:85,0
DA:91,0
DA:96,0
DA:97,0
DA:99,0
DA:100,0
DA:101,0
DA:107,0
DA:110,0
DA:117,0
DA:118,0
DA:125,0
DA:130,0
DA:136,0
DA:141,0
DA:142,0
DA:144,0
DA:151,0
DA:152,0
DA:159,0
DA:161,0
DA:166,0
DA:171,0
DA:172,0
DA:173,0
DA:180,0
DA:181,0
DA:188,0
DA:191,0
DA:211,0
DA:212,0
DA:213,0
DA:217,0
DA:218,0
DA:219,0
DA:222,0
DA:228,0
DA:231,0
DA:248,0
DA:251,0
DA:253,0
DA:262,0
DA:273,0
DA:283,0
DA:286,0
DA:307,0
DA:315,0
DA:320,0
DA:323,0
DA:337,0
DA:346,0
DA:349,0
DA:369,0
DA:376,0
DA:381,0
DA:384,0
DA:394,0
DA:398,0
DA:413,0
DA:423,0
DA:433,0
DA:439,0
DA:448,0
DA:463,0
DA:469,0
DA:472,0
DA:482,0
LF:92
LH:0
BRDA:39,0,0,0
BRDA:39,0,1,0
BRDA:60,1,0,0
BRDA:60,1,1,0
BRDA:100,2,0,0
BRDA:100,2,1,0
BRDA:117,3,0,0
BRDA:117,3,1,0
BRDA:126,4,0,0
BRDA:126,4,1,0
BRDA:127,5,0,0
BRDA:127,5,1,0
BRDA:151,6,0,0
BRDA:151,6,1,0
BRDA:180,7,0,0
BRDA:180,7,1,0
BRDA:212,8,0,0
BRDA:212,8,1,0
BRDA:251,9,0,0
BRDA:251,9,1,0
BRDA:251,9,2,0
BRDA:251,9,3,0
BRDA:251,9,4,0
BRDA:251,9,5,0
BRDA:270,10,0,0
BRDA:270,10,1,0
BRDA:303,11,0,0
BRDA:303,11,1,0
BRDA:394,12,0,0
BRDA:394,12,1,0
BRDA:410,13,0,0
BRDA:410,13,1,0
BRDA:417,14,0,0
BRDA:417,14,1,0
BRDA:420,15,0,0
BRDA:420,15,1,0
BRDA:428,16,0,0
BRDA:428,16,1,0
BRDA:433,17,0,0
BRDA:433,17,1,0
BRDA:437,18,0,0
BRDA:437,18,1,0
BRDA:445,19,0,0
BRDA:445,19,1,0
BRDA:459,20,0,0
BRDA:459,20,1,0
BRF:46
BRH:0
end_of_record
TN:
SF:src\controllers\semantics.controller.js
FN:16,(anonymous_0)
FN:47,(anonymous_1)
FN:128,(anonymous_2)
FN:169,(anonymous_3)
FN:223,(anonymous_4)
FN:226,(anonymous_5)
FN:272,generateInsights
FN:306,(anonymous_7)
FN:313,(anonymous_8)
FN:317,(anonymous_9)
FN:342,(anonymous_10)
FN:429,(anonymous_11)
FN:516,(anonymous_12)
FNF:13
FNH:0
FNDA:0,(anonymous_0)
FNDA:0,(anonymous_1)
FNDA:0,(anonymous_2)
FNDA:0,(anonymous_3)
FNDA:0,(anonymous_4)
FNDA:0,(anonymous_5)
FNDA:0,generateInsights
FNDA:0,(anonymous_7)
FNDA:0,(anonymous_8)
FNDA:0,(anonymous_9)
FNDA:0,(anonymous_10)
FNDA:0,(anonymous_11)
FNDA:0,(anonymous_12)
DA:16,0
DA:17,0
DA:18,0
DA:20,0
DA:21,0
DA:22,0
DA:28,0
DA:30,0
DA:35,0
DA:36,0
DA:47,0
DA:48,0
DA:56,0
DA:59,0
DA:61,0
DA:62,0
DA:65,0
DA:66,0
DA:69,0
DA:70,0
DA:71,0
DA:72,0
DA:74,0
DA:75,0
DA:79,0
DA:86,0
DA:87,0
DA:101,0
DA:103,0
DA:116,0
DA:117,0
DA:128,0
DA:129,0
DA:134,0
DA:137,0
DA:138,0
DA:139,0
DA:140,0
DA:141,0
DA:143,0
DA:144,0
DA:149,0
DA:154,0
DA:155,0
DA:168,0
DA:169,0
DA:170,0
DA:171,0
DA:173,0
DA:177,0
DA:178,0
DA:189,0
DA:190,0
DA:192,0
DA:193,0
DA:195,0
DA:202,0
DA:203,0
DA:207,0
DA:208,0
DA:209,0
DA:210,0
DA:211,0
DA:213,0
DA:214,0
DA:216,0
DA:217,0
DA:222,0
DA:223,0
DA:225,0
DA:226,0
DA:228,0
DA:231,0
DA:235,0
DA:236,0
DA:237,0
DA:238,0
DA:239,0
DA:240,0
DA:242,0
DA:260,0
DA:261,0
DA:273,0
DA:276,0
DA:277,0
DA:282,0
DA:283,0
DA:291,0
DA:292,0
DA:297,0
DA:298,0
DA:306,0
DA:313,0
DA:314,0
DA:317,0
DA:318,0
DA:321,0
DA:322,0
DA:330,0
DA:331,0
DA:338,0
DA:342,0
DA:343,0
DA:344,0
DA:347,0
DA:352,0
DA:354,0
DA:355,0
DA:377,0
DA:378,0
DA:379,0
DA:381,0
DA:382,0
DA:383,0
DA:384,0
DA:386,0
DA:387,0
DA:390,0
DA:391,0
DA:392,0
DA:393,0
DA:396,0
DA:397,0
DA:399,0
DA:400,0
DA:401,0
DA:402,0
DA:404,0
DA:420,0
DA:421,0
DA:429,0
DA:430,0
DA:431,0
DA:434,0
DA:439,0
DA:441,0
DA:442,0
DA:464,0
DA:465,0
DA:466,0
DA:468,0
DA:469,0
DA:470,0
DA:471,0
DA:473,0
DA:474,0
DA:477,0
DA:478,0
DA:479,0
DA:480,0
DA:483,0
DA:484,0
DA:486,0
DA:487,0
DA:488,0
DA:489,0
DA:491,0
DA:507,0
DA:508,0
DA:516,0
DA:517,0
DA:519,0
DA:523,0
DA:524,0
DA:525,0
DA:529,0
DA:530,0
DA:539,0
DA:548,0
DA:549,0
LF:170
LH:0
BRDA:21,0,0,0
BRDA:21,0,1,0
BRDA:52,1,0,0
BRDA:53,2,0,0
BRDA:61,3,0,0
BRDA:61,3,1,0
BRDA:65,4,0,0
BRDA:65,4,1,0
BRDA:69,5,0,0
BRDA:69,5,1,0
BRDA:69,6,0,0
BRDA:69,6,1,0
BRDA:71,7,0,0
BRDA:71,7,1,0
BRDA:74,8,0,0
BRDA:74,8,1,0
BRDA:86,9,0,0
BRDA:86,9,1,0
BRDA:133,10,0,0
BRDA:138,11,0,0
BRDA:138,11,1,0
BRDA:138,12,0,0
BRDA:138,12,1,0
BRDA:140,13,0,0
BRDA:140,13,1,0
BRDA:143,14,0,0
BRDA:143,14,1,0
BRDA:154,15,0,0
BRDA:154,15,1,0
BRDA:170,16,0,0
BRDA:170,16,1,0
BRDA:202,17,0,0
BRDA:202,17,1,0
BRDA:213,18,0,0
BRDA:213,18,1,0
BRDA:216,19,0,0
BRDA:216,19,1,0
BRDA:222,20,0,0
BRDA:222,20,1,0
BRDA:225,21,0,0
BRDA:225,21,1,0
BRDA:228,22,0,0
BRDA:228,22,1,0
BRDA:231,23,0,0
BRDA:231,23,1,0
BRDA:237,24,0,0
BRDA:237,24,1,0
BRDA:238,25,0,0
BRDA:238,25,1,0
BRDA:239,26,0,0
BRDA:239,26,1,0
BRDA:240,27,0,0
BRDA:240,27,1,0
BRDA:247,28,0,0
BRDA:247,28,1,0
BRDA:248,29,0,0
BRDA:248,29,1,0
BRDA:276,30,0,0
BRDA:276,30,1,0
BRDA:282,31,0,0
BRDA:282,31,1,0
BRDA:291,32,0,0
BRDA:291,32,1,0
BRDA:297,33,0,0
BRDA:297,33,1,0
BRDA:314,34,0,0
BRDA:314,34,1,0
BRDA:318,35,0,0
BRDA:318,35,1,0
BRDA:321,36,0,0
BRDA:321,36,1,0
BRDA:330,37,0,0
BRDA:330,37,1,0
BRDA:354,38,0,0
BRDA:354,38,1,0
BRDA:358,39,0,0
BRDA:358,39,1,0
BRDA:358,39,2,0
BRDA:390,40,0,0
BRDA:390,40,1,0
BRDA:390,41,0,0
BRDA:390,41,1,0
BRDA:391,42,0,0
BRDA:391,42,1,0
BRDA:391,43,0,0
BRDA:391,43,1,0
BRDA:392,44,0,0
BRDA:392,44,1,0
BRDA:392,45,0,0
BRDA:392,45,1,0
BRDA:400,46,0,0
BRDA:400,46,1,0
BRDA:400,47,0,0
BRDA:400,47,1,0
BRDA:401,48,0,0
BRDA:401,48,1,0
BRDA:401,49,0,0
BRDA:401,49,1,0
BRDA:402,50,0,0
BRDA:402,50,1,0
BRDA:402,51,0,0
BRDA:402,51,1,0
BRDA:407,52,0,0
BRDA:407,52,1,0
BRDA:407,52,2,0
BRDA:441,53,0,0
BRDA:441,53,1,0
BRDA:445,54,0,0
BRDA:445,54,1,0
BRDA:477,55,0,0
BRDA:477,55,1,0
BRDA:477,56,0,0
BRDA:477,56,1,0
BRDA:478,57,0,0
BRDA:478,57,1,0
BRDA:478,58,0,0
BRDA:478,58,1,0
BRDA:479,59,0,0
BRDA:479,59,1,0
BRDA:479,60,0,0
BRDA:479,60,1,0
BRDA:487,61,0,0
BRDA:487,61,1,0
BRDA:487,62,0,0
BRDA:487,62,1,0
BRDA:488,63,0,0
BRDA:488,63,1,0
BRDA:488,64,0,0
BRDA:488,64,1,0
BRDA:489,65,0,0
BRDA:489,65,1,0
BRDA:489,66,0,0
BRDA:489,66,1,0
BRDA:494,67,0,0
BRDA:494,67,1,0
BRDA:529,68,0,0
BRDA:529,68,1,0
BRF:137
BRH:0
end_of_record
TN:
SF:src\controllers\simple-user-analysis.controller.js
FN:9,(anonymous_0)
FN:58,(anonymous_1)
FN:111,(anonymous_2)
FNF:3
FNH:0
FNDA:0,(anonymous_0)
FNDA:0,(anonymous_1)
FNDA:0,(anonymous_2)
DA:9,0
DA:10,0
DA:11,0
DA:14,0
DA:19,0
DA:21,0
DA:22,0
DA:43,0
DA:46,0
DA:48,0
DA:49,0
DA:52,0
DA:55,0
DA:57,0
DA:58,0
DA:59,0
DA:60,0
DA:61,0
DA:62,0
DA:63,0
DA:64,0
DA:69,0
DA:70,0
DA:71,0
DA:73,0
DA:74,0
DA:75,0
DA:76,0
DA:79,0
DA:101,0
DA:102,0
DA:111,0
DA:112,0
DA:113,0
DA:117,0
DA:118,0
DA:119,0
DA:123,0
DA:124,0
DA:133,0
DA:142,0
DA:143,0
LF:42
LH:0
BRDA:21,0,0,0
BRDA:21,0,1,0
BRDA:25,1,0,0
BRDA:25,1,1,0
BRDA:48,2,0,0
BRDA:48,2,1,0
BRDA:48,3,0,0
BRDA:48,3,1,0
BRDA:57,4,0,0
BRDA:57,4,1,0
BRDA:57,5,0,0
BRDA:57,5,1,0
BRDA:59,6,0,0
BRDA:59,6,1,0
BRDA:61,7,0,0
BRDA:61,7,1,0
BRDA:62,8,0,0
BRDA:62,8,1,0
BRDA:62,9,0,0
BRDA:62,9,1,0
BRDA:62,9,2,0
BRDA:63,10,0,0
BRDA:63,10,1,0
BRDA:63,11,0,0
BRDA:63,11,1,0
BRDA:69,12,0,0
BRDA:69,12,1,0
BRDA:70,13,0,0
BRDA:70,13,1,0
BRDA:73,14,0,0
BRDA:73,14,1,0
BRDA:74,15,0,0
BRDA:74,15,1,0
BRDA:75,16,0,0
BRDA:75,16,1,0
BRDA:82,17,0,0
BRDA:82,17,1,0
BRDA:86,18,0,0
BRDA:86,18,1,0
BRDA:87,19,0,0
BRDA:87,19,1,0
BRDA:88,20,0,0
BRDA:88,20,1,0
BRDA:95,21,0,0
BRDA:95,21,1,0
BRDA:123,22,0,0
BRDA:123,22,1,0
BRF:47
BRH:0
end_of_record
TN:
SF:src\middleware\auth.middleware.js
FN:4,(anonymous_0)
FNF:1
FNH:0
FNDA:0,(anonymous_0)
DA:4,0
DA:5,0
DA:7,0
DA:8,0
DA:10,0
DA:11,0
DA:17,0
DA:19,0
DA:20,0
DA:21,0
DA:23,0
DA:30,0
LF:12
LH:0
BRDA:7,0,0,0
BRDA:7,0,1,0
BRDA:7,1,0,0
BRDA:7,1,1,0
BRDA:10,2,0,0
BRDA:10,2,1,0
BRF:6
BRH:0
end_of_record
TN:
SF:src\models\Exam.js
FNF:0
FNH:0
DA:5,0
LF:1
LH:0
BRF:0
BRH:0
end_of_record
TN:
SF:src\models\ExamResult.js
FNF:0
FNH:0
DA:5,0
LF:1
LH:0
BRF:0
BRH:0
end_of_record
TN:
SF:src\models\RecoveryCode.js
FNF:0
FNH:0
DA:4,0
LF:1
LH:0
BRF:0
BRH:0
end_of_record
TN:
SF:src\models\Recurso.js
FNF:0
FNH:0
DA:4,0
LF:1
LH:0
BRF:0
BRH:0
end_of_record
TN:
SF:src\models\Usuario.js
FN:34,(anonymous_0)
FN:40,(anonymous_1)
FN:50,(anonymous_2)
FNF:3
FNH:0
FNDA:0,(anonymous_0)
FNDA:0,(anonymous_1)
FNDA:0,(anonymous_2)
DA:5,0
DA:35,0
DA:36,0
DA:37,0
DA:41,0
DA:42,0
DA:43,0
DA:50,0
DA:51,0
LF:9
LH:0
BRDA:35,0,0,0
BRDA:35,0,1,0
BRDA:41,1,0,0
BRDA:41,1,1,0
BRF:4
BRH:0
end_of_record
TN:
SF:src\models\associations.js
FNF:0
FNH:0
DA:7,0
DA:12,0
DA:18,0
DA:23,0
LF:4
LH:0
BRF:0
BRH:0
end_of_record
TN:
SF:src\models\db.js
FN:16,(anonymous_0)
FNF:1
FNH:0
FNDA:0,(anonymous_0)
DA:4,0
DA:16,0
DA:17,0
DA:18,0
DA:19,0
DA:20,0
DA:22,0
DA:23,0
LF:8
LH:0
BRF:0
BRH:0
end_of_record
TN:
SF:src\routes\auth.routes.js
FN:20,(anonymous_0)
FN:54,(anonymous_1)
FN:77,(anonymous_2)
FN:99,(anonymous_3)
FNF:4
FNH:0
FNDA:0,(anonymous_0)
FNDA:0,(anonymous_1)
FNDA:0,(anonymous_2)
FNDA:0,(anonymous_3)
DA:6,0
DA:16,0
DA:22,0
DA:23,0
DA:26,0
DA:27,0
DA:30,0
DA:31,0
DA:32,0
DA:35,0
DA:36,0
DA:38,0
DA:39,0
DA:41,0
DA:42,0
DA:43,0
DA:45,0
DA:51,0
DA:56,0
DA:57,0
DA:60,0
DA:61,0
DA:64,0
DA:65,0
DA:66,0
DA:68,0
DA:74,0
DA:79,0
DA:80,0
DA:83,0
DA:84,0
DA:87,0
DA:88,0
DA:89,0
DA:91,0
DA:96,0
DA:101,0
DA:102,0
DA:105,0
DA:106,0
DA:109,0
DA:110,0
DA:111,0
DA:113,0
DA:324,0
DA:325,0
DA:326,0
DA:327,0
DA:330,0
DA:331,0
LF:50
LH:0
BRDA:22,0,0,0
BRDA:22,0,1,0
BRDA:26,1,0,0
BRDA:26,1,1,0
BRDA:31,2,0,0
BRDA:31,2,1,0
BRDA:31,3,0,0
BRDA:31,3,1,0
BRDA:35,4,0,0
BRDA:35,4,1,0
BRDA:38,5,0,0
BRDA:38,5,1,0
BRDA:38,6,0,0
BRDA:38,6,1,0
BRDA:42,7,0,0
BRDA:42,7,1,0
BRDA:42,8,0,0
BRDA:42,8,1,0
BRDA:56,9,0,0
BRDA:56,9,1,0
BRDA:60,10,0,0
BRDA:60,10,1,0
BRDA:65,11,0,0
BRDA:65,11,1,0
BRDA:65,12,0,0
BRDA:65,12,1,0
BRDA:79,13,0,0
BRDA:79,13,1,0
BRDA:83,14,0,0
BRDA:83,14,1,0
BRDA:88,15,0,0
BRDA:88,15,1,0
BRDA:88,16,0,0
BRDA:88,16,1,0
BRDA:101,17,0,0
BRDA:101,17,1,0
BRDA:105,18,0,0
BRDA:105,18,1,0
BRDA:110,19,0,0
BRDA:110,19,1,0
BRDA:110,20,0,0
BRDA:110,20,1,0
BRF:42
BRH:0
end_of_record
TN:
SF:src\routes\exams.routes.js
FN:20,(anonymous_0)
FN:40,(anonymous_1)
FNF:2
FNH:0
FNDA:0,(anonymous_0)
FNDA:0,(anonymous_1)
DA:13,0
DA:16,0
DA:21,0
DA:22,0
DA:23,0
DA:25,0
DA:26,0
DA:28,0
DA:29,0
DA:31,0
DA:32,0
DA:33,0
DA:35,0
DA:41,0
DA:42,0
DA:43,0
DA:45,0
DA:46,0
DA:48,0
DA:49,0
DA:51,0
DA:52,0
DA:53,0
DA:55,0
DA:335,0
DA:338,0
DA:341,0
DA:344,0
DA:347,0
DA:350,0
DA:353,0
LF:31
LH:0
BRDA:22,0,0,0
BRDA:22,0,1,0
BRDA:25,1,0,0
BRDA:25,1,1,0
BRDA:28,2,0,0
BRDA:28,2,1,0
BRDA:32,3,0,0
BRDA:32,3,1,0
BRDA:42,4,0,0
BRDA:42,4,1,0
BRDA:45,5,0,0
BRDA:45,5,1,0
BRDA:48,6,0,0
BRDA:48,6,1,0
BRDA:52,7,0,0
BRDA:52,7,1,0
BRF:16
BRH:0
end_of_record
TN:
SF:src\routes\metrics.routes.js
FNF:0
FNH:0
DA:10,0
DA:78,0
DA:156,0
DA:237,0
DA:293,0
LF:5
LH:0
BRF:0
BRH:0
end_of_record
TN:
SF:src\routes\recursos.routes.js
FN:25,(anonymous_0)
FN:46,(anonymous_1)
FN:67,(anonymous_2)
FN:88,(anonymous_3)
FNF:4
FNH:0
FNDA:0,(anonymous_0)
FNDA:0,(anonymous_1)
FNDA:0,(anonymous_2)
FNDA:0,(anonymous_3)
DA:6,0
DA:16,0
DA:19,0
DA:26,0
DA:27,0
DA:28,0
DA:30,0
DA:31,0
DA:33,0
DA:34,0
DA:36,0
DA:37,0
DA:38,0
DA:40,0
DA:47,0
DA:48,0
DA:49,0
DA:50,0
DA:52,0
DA:53,0
DA:55,0
DA:56,0
DA:58,0
DA:59,0
DA:60,0
DA:62,0
DA:68,0
DA:69,0
DA:70,0
DA:71,0
DA:73,0
DA:74,0
DA:76,0
DA:77,0
DA:79,0
DA:80,0
DA:81,0
DA:83,0
DA:89,0
DA:90,0
DA:91,0
DA:92,0
DA:94,0
DA:95,0
DA:97,0
DA:98,0
DA:100,0
DA:101,0
DA:102,0
DA:104,0
DA:108,0
DA:301,0
DA:302,0
DA:303,0
DA:304,0
DA:305,0
DA:306,0
LF:57
LH:0
BRDA:27,0,0,0
BRDA:27,0,1,0
BRDA:30,1,0,0
BRDA:30,1,1,0
BRDA:33,2,0,0
BRDA:33,2,1,0
BRDA:37,3,0,0
BRDA:37,3,1,0
BRDA:47,4,0,0
BRDA:47,4,1,0
BRDA:49,5,0,0
BRDA:49,5,1,0
BRDA:52,6,0,0
BRDA:52,6,1,0
BRDA:55,7,0,0
BRDA:55,7,1,0
BRDA:59,8,0,0
BRDA:59,8,1,0
BRDA:68,9,0,0
BRDA:68,9,1,0
BRDA:70,10,0,0
BRDA:70,10,1,0
BRDA:73,11,0,0
BRDA:73,11,1,0
BRDA:76,12,0,0
BRDA:76,12,1,0
BRDA:80,13,0,0
BRDA:80,13,1,0
BRDA:89,14,0,0
BRDA:89,14,1,0
BRDA:91,15,0,0
BRDA:91,15,1,0
BRDA:94,16,0,0
BRDA:94,16,1,0
BRDA:97,17,0,0
BRDA:97,17,1,0
BRDA:101,18,0,0
BRDA:101,18,1,0
BRF:38
BRH:0
end_of_record
TN:
SF:src\routes\semantics.routes.js
FNF:0
FNH:0
DA:12,0
DA:19,0
DA:32,0
DA:42,0
DA:49,0
DA:56,0
DA:63,0
LF:7
LH:0
BRF:0
BRH:0
end_of_record
TN:
SF:src\routes\simple-analysis.routes.js
FNF:0
FNH:0
DA:5,0
DA:8,0
DA:11,0
LF:3
LH:0
BRF:0
BRH:0
end_of_record
TN:
SF:src\services\email.service.js
FN:14,(anonymous_0)
FN:23,(anonymous_1)
FNF:2
FNH:0
FNDA:0,(anonymous_0)
FNDA:0,(anonymous_1)
DA:5,0
DA:14,0
DA:15,0
DA:16,0
DA:18,0
DA:23,0
DA:24,0
DA:57,0
DA:58,0
DA:59,0
DA:60,0
DA:62,0
DA:63,0
LF:13
LH:0
BRDA:15,0,0,0
BRDA:15,0,1,0
BRF:2
BRH:0
end_of_record
TN:
SF:src\services\llm.service.js
FN:9,generarRecurso
FN:128,crearPrompt
FN:488,getDefaultResource
FN:604,parseJSON
FN:681,extractBalancedJson
FNF:5
FNH:0
FNDA:0,generarRecurso
FNDA:0,crearPrompt
FNDA:0,getDefaultResource
FNDA:0,parseJSON
FNDA:0,extractBalancedJson
DA:10,0
DA:12,0
DA:29,0
DA:34,0
DA:35,0
DA:36,0
DA:39,0
DA:42,0
DA:43,0
DA:44,0
DA:47,0
DA:48,0
DA:49,0
DA:50,0
DA:53,0
DA:54,0
DA:55,0
DA:58,0
DA:59,0
DA:60,0
DA:61,0
DA:64,0
DA:65,0
DA:66,0
DA:67,0
DA:70,0
DA:72,0
DA:73,0
DA:74,0
DA:77,0
DA:78,0
DA:79,0
DA:82,0
DA:83,0
DA:86,0
DA:92,0
DA:94,0
DA:96,0
DA:97,0
DA:98,0
DA:101,0
DA:102,0
DA:103,0
DA:104,0
DA:107,0
DA:108,0
DA:109,0
DA:110,0
DA:113,0
DA:114,0
DA:117,0
DA:118,0
DA:129,0
DA:132,0
DA:133,0
DA:137,0
DA:138,0
DA:140,0
DA:147,0
DA:149,0
DA:168,0
DA:170,0
DA:196,0
DA:198,0
DA:216,0
DA:218,0
DA:237,0
DA:239,0
DA:256,0
DA:258,0
DA:260,0
DA:261,0
DA:262,0
DA:263,0
DA:264,0
DA:268,0
DA:270,0
DA:271,0
DA:272,0
DA:273,0
DA:275,0
DA:278,0
DA:279,0
DA:281,0
DA:282,0
DA:283,0
DA:285,0
DA:301,0
DA:303,0
DA:354,0
DA:356,0
DA:396,0
DA:398,0
DA:458,0
DA:460,0
DA:463,0
DA:472,0
DA:474,0
DA:480,0
DA:482,0
DA:489,0
DA:491,0
DA:493,0
DA:505,0
DA:515,0
DA:528,0
DA:538,0
DA:548,0
DA:561,0
DA:589,0
DA:605,0
DA:606,0
DA:608,0
DA:609,0
DA:613,0
DA:616,0
DA:619,0
DA:620,0
DA:622,0
DA:623,0
DA:624,0
DA:627,0
DA:628,0
DA:630,0
DA:631,0
DA:632,0
DA:635,0
DA:636,0
DA:639,0
DA:640,0
DA:641,0
DA:642,0
DA:645,0
DA:646,0
DA:647,0
DA:648,0
DA:649,0
DA:650,0
DA:651,0
DA:653,0
DA:657,0
DA:658,0
DA:659,0
DA:663,0
DA:664,0
DA:665,0
DA:666,0
DA:669,0
DA:670,0
DA:682,0
DA:683,0
DA:684,0
DA:685,0
DA:686,0
DA:687,0
DA:688,0
DA:689,0
DA:690,0
DA:691,0
DA:695,0
DA:696,0
DA:698,0
LF:162
LH:0
BRDA:42,0,0,0
BRDA:42,0,1,0
BRDA:47,1,0,0
BRDA:47,1,1,0
BRDA:53,2,0,0
BRDA:53,2,1,0
BRDA:59,3,0,0
BRDA:59,3,1,0
BRDA:65,4,0,0
BRDA:65,4,1,0
BRDA:77,5,0,0
BRDA:77,5,1,0
BRDA:96,6,0,0
BRDA:96,6,1,0
BRDA:96,7,0,0
BRDA:96,7,1,0
BRDA:96,7,2,0
BRDA:102,8,0,0
BRDA:102,8,1,0
BRDA:113,9,0,0
BRDA:113,9,1,0
BRDA:132,10,0,0
BRDA:132,10,1,0
BRDA:137,11,0,0
BRDA:137,11,1,0
BRDA:147,12,0,0
BRDA:147,12,1,0
BRDA:147,12,2,0
BRDA:147,12,3,0
BRDA:147,12,4,0
BRDA:147,12,5,0
BRDA:147,12,6,0
BRDA:147,12,7,0
BRDA:177,13,0,0
BRDA:177,13,1,0
BRDA:202,14,0,0
BRDA:202,14,1,0
BRDA:260,15,0,0
BRDA:260,15,1,0
BRDA:261,16,0,0
BRDA:261,16,1,0
BRDA:261,17,0,0
BRDA:261,17,1,0
BRDA:263,18,0,0
BRDA:263,18,1,0
BRDA:263,19,0,0
BRDA:263,19,1,0
BRDA:268,20,0,0
BRDA:268,20,1,0
BRDA:270,21,0,0
BRDA:270,21,1,0
BRDA:272,22,0,0
BRDA:272,22,1,0
BRDA:282,23,0,0
BRDA:282,23,1,0
BRDA:283,24,0,0
BRDA:283,24,1,0
BRDA:289,25,0,0
BRDA:289,25,1,0
BRDA:301,26,0,0
BRDA:301,26,1,0
BRDA:301,26,2,0
BRDA:301,26,3,0
BRDA:307,27,0,0
BRDA:307,27,1,0
BRDA:313,28,0,0
BRDA:313,28,1,0
BRDA:474,29,0,0
BRDA:474,29,1,0
BRDA:489,30,0,0
BRDA:489,30,1,0
BRDA:491,31,0,0
BRDA:491,31,1,0
BRDA:491,31,2,0
BRDA:491,31,3,0
BRDA:491,31,4,0
BRDA:491,31,5,0
BRDA:491,31,6,0
BRDA:491,31,7,0
BRDA:499,32,0,0
BRDA:499,32,1,0
BRDA:608,33,0,0
BRDA:608,33,1,0
BRDA:622,34,0,0
BRDA:622,34,1,0
BRDA:622,35,0,0
BRDA:622,35,1,0
BRDA:647,36,0,0
BRDA:647,36,1,0
BRDA:649,37,0,0
BRDA:649,37,1,0
BRDA:657,38,0,0
BRDA:657,38,1,0
BRDA:685,39,0,0
BRDA:685,39,1,0
BRDA:687,40,0,0
BRDA:687,40,1,0
BRDA:689,41,0,0
BRDA:689,41,1,0
BRDA:695,42,0,0
BRDA:695,42,1,0
BRF:101
BRH:0
end_of_record
TN:
SF:src\services\metrics.service.js
FN:12,extractTextFromResource
FN:21,(anonymous_1)
FN:24,(anonymous_2)
FN:35,(anonymous_3)
FN:38,(anonymous_4)
FN:46,(anonymous_5)
FN:58,(anonymous_6)
FN:61,(anonymous_7)
FN:67,(anonymous_8)
FN:70,(anonymous_9)
FN:73,(anonymous_10)
FN:81,(anonymous_11)
FN:88,(anonymous_12)
FN:91,(anonymous_13)
FN:96,(anonymous_14)
FN:112,(anonymous_15)
FN:113,(anonymous_16)
FN:121,extractSentences
FN:132,(anonymous_18)
FN:133,(anonymous_19)
FN:134,(anonymous_20)
FN:136,(anonymous_21)
FN:148,isGrammaticallyCorrect
FN:180,(anonymous_23)
FN:192,calculateGrammaticalCorrectness
FN:208,(anonymous_25)
FN:210,(anonymous_26)
FN:242,tokenizeText
FN:253,(anonymous_28)
FN:254,(anonymous_29)
FN:267,calculateLexicalRichness
FN:285,(anonymous_31)
FN:308,(anonymous_32)
FN:308,(anonymous_33)
FN:310,(anonymous_34)
FN:314,(anonymous_35)
FN:319,(anonymous_36)
FN:321,(anonymous_37)
FN:338,analyzeResourceSemantics
FN:369,(anonymous_39)
FN:403,analyzeBatchResourcesSemantics
FN:429,(anonymous_41)
FN:454,(anonymous_42)
FN:457,(anonymous_43)
FN:493,getQualityLevel
FN:509,getResourceTypeBreakdown
FN:512,(anonymous_46)
FN:530,(anonymous_47)
FN:533,(anonymous_48)
FN:535,(anonymous_49)
FNF:50
FNH:0
FNDA:0,extractTextFromResource
FNDA:0,(anonymous_1)
FNDA:0,(anonymous_2)
FNDA:0,(anonymous_3)
FNDA:0,(anonymous_4)
FNDA:0,(anonymous_5)
FNDA:0,(anonymous_6)
FNDA:0,(anonymous_7)
FNDA:0,(anonymous_8)
FNDA:0,(anonymous_9)
FNDA:0,(anonymous_10)
FNDA:0,(anonymous_11)
FNDA:0,(anonymous_12)
FNDA:0,(anonymous_13)
FNDA:0,(anonymous_14)
FNDA:0,(anonymous_15)
FNDA:0,(anonymous_16)
FNDA:0,extractSentences
FNDA:0,(anonymous_18)
FNDA:0,(anonymous_19)
FNDA:0,(anonymous_20)
FNDA:0,(anonymous_21)
FNDA:0,isGrammaticallyCorrect
FNDA:0,(anonymous_23)
FNDA:0,calculateGrammaticalCorrectness
FNDA:0,(anonymous_25)
FNDA:0,(anonymous_26)
FNDA:0,tokenizeText
FNDA:0,(anonymous_28)
FNDA:0,(anonymous_29)
FNDA:0,calculateLexicalRichness
FNDA:0,(anonymous_31)
FNDA:0,(anonymous_32)
FNDA:0,(anonymous_33)
FNDA:0,(anonymous_34)
FNDA:0,(anonymous_35)
FNDA:0,(anonymous_36)
FNDA:0,(anonymous_37)
FNDA:0,analyzeResourceSemantics
FNDA:0,(anonymous_39)
FNDA:0,analyzeBatchResourcesSemantics
FNDA:0,(anonymous_41)
FNDA:0,(anonymous_42)
FNDA:0,(anonymous_43)
FNDA:0,getQualityLevel
FNDA:0,getResourceTypeBreakdown
FNDA:0,(anonymous_46)
FNDA:0,(anonymous_47)
FNDA:0,(anonymous_48)
FNDA:0,(anonymous_49)
DA:13,0
DA:14,0
DA:16,0
DA:17,0
DA:19,0
DA:20,0
DA:21,0
DA:22,0
DA:23,0
DA:24,0
DA:28,0
DA:31,0
DA:32,0
DA:33,0
DA:34,0
DA:35,0
DA:37,0
DA:38,0
DA:40,0
DA:43,0
DA:44,0
DA:45,0
DA:46,0
DA:47,0
DA:48,0
DA:51,0
DA:54,0
DA:55,0
DA:56,0
DA:57,0
DA:58,0
DA:60,0
DA:61,0
DA:63,0
DA:66,0
DA:67,0
DA:68,0
DA:69,0
DA:70,0
DA:72,0
DA:73,0
DA:77,0
DA:80,0
DA:81,0
DA:82,0
DA:83,0
DA:84,0
DA:85,0
DA:86,0
DA:87,0
DA:88,0
DA:89,0
DA:90,0
DA:91,0
DA:95,0
DA:96,0
DA:101,0
DA:104,0
DA:107,0
DA:111,0
DA:112,0
DA:113,0
DA:123,0
DA:130,0
DA:132,0
DA:133,0
DA:136,0
DA:137,0
DA:140,0
DA:150,0
DA:153,0
DA:180,0
DA:181,0
DA:184,0
DA:193,0
DA:194,0
DA:203,0
DA:204,0
DA:205,0
DA:208,0
DA:209,0
DA:210,0
DA:211,0
DA:212,0
DA:213,0
DA:215,0
DA:220,0
DA:221,0
DA:222,0
DA:223,0
DA:225,0
DA:244,0
DA:251,0
DA:253,0
DA:254,0
DA:257,0
DA:259,0
DA:268,0
DA:269,0
DA:279,0
DA:280,0
DA:281,0
DA:282,0
DA:285,0
DA:286,0
DA:288,0
DA:290,0
DA:298,0
DA:299,0
DA:303,0
DA:304,0
DA:305,0
DA:308,0
DA:309,0
DA:310,0
DA:313,0
DA:314,0
DA:315,0
DA:318,0
DA:319,0
DA:321,0
DA:323,0
DA:339,0
DA:341,0
DA:343,0
DA:345,0
DA:346,0
DA:357,0
DA:358,0
DA:360,0
DA:370,0
DA:386,0
DA:387,0
DA:404,0
DA:406,0
DA:407,0
DA:417,0
DA:418,0
DA:429,0
DA:430,0
DA:432,0
DA:433,0
DA:436,0
DA:437,0
DA:438,0
DA:439,0
DA:440,0
DA:442,0
DA:443,0
DA:446,0
DA:447,0
DA:453,0
DA:454,0
DA:456,0
DA:457,0
DA:459,0
DA:462,0
DA:494,0
DA:495,0
DA:497,0
DA:498,0
DA:499,0
DA:500,0
DA:501,0
DA:510,0
DA:512,0
DA:513,0
DA:514,0
DA:515,0
DA:524,0
DA:525,0
DA:526,0
DA:530,0
DA:531,0
DA:532,0
DA:533,0
DA:534,0
DA:535,0
DA:538,0
DA:539,0
DA:542,0
LF:181
LH:0
BRDA:17,0,0,0
BRDA:17,0,1,0
BRDA:17,0,2,0
BRDA:17,0,3,0
BRDA:17,0,4,0
BRDA:17,0,5,0
BRDA:17,0,6,0
BRDA:19,1,0,0
BRDA:19,1,1,0
BRDA:20,2,0,0
BRDA:20,2,1,0
BRDA:22,3,0,0
BRDA:22,3,1,0
BRDA:23,4,0,0
BRDA:23,4,1,0
BRDA:31,5,0,0
BRDA:31,5,1,0
BRDA:32,6,0,0
BRDA:32,6,1,0
BRDA:33,7,0,0
BRDA:33,7,1,0
BRDA:34,8,0,0
BRDA:34,8,1,0
BRDA:37,9,0,0
BRDA:37,9,1,0
BRDA:43,10,0,0
BRDA:43,10,1,0
BRDA:44,11,0,0
BRDA:44,11,1,0
BRDA:45,12,0,0
BRDA:45,12,1,0
BRDA:47,13,0,0
BRDA:47,13,1,0
BRDA:48,14,0,0
BRDA:48,14,1,0
BRDA:54,15,0,0
BRDA:54,15,1,0
BRDA:55,16,0,0
BRDA:55,16,1,0
BRDA:56,17,0,0
BRDA:56,17,1,0
BRDA:57,18,0,0
BRDA:57,18,1,0
BRDA:60,19,0,0
BRDA:60,19,1,0
BRDA:66,20,0,0
BRDA:66,20,1,0
BRDA:68,21,0,0
BRDA:68,21,1,0
BRDA:69,22,0,0
BRDA:69,22,1,0
BRDA:72,23,0,0
BRDA:72,23,1,0
BRDA:80,24,0,0
BRDA:80,24,1,0
BRDA:82,25,0,0
BRDA:82,25,1,0
BRDA:83,26,0,0
BRDA:83,26,1,0
BRDA:84,27,0,0
BRDA:84,27,1,0
BRDA:85,28,0,0
BRDA:85,28,1,0
BRDA:87,29,0,0
BRDA:87,29,1,0
BRDA:89,30,0,0
BRDA:89,30,1,0
BRDA:90,31,0,0
BRDA:90,31,1,0
BRDA:95,32,0,0
BRDA:95,32,1,0
BRDA:112,33,0,0
BRDA:112,33,1,0
BRDA:112,33,2,0
BRDA:193,34,0,0
BRDA:193,34,1,0
BRDA:193,35,0,0
BRDA:193,35,1,0
BRDA:212,36,0,0
BRDA:212,36,1,0
BRDA:223,37,0,0
BRDA:223,37,1,0
BRDA:268,38,0,0
BRDA:268,38,1,0
BRDA:268,39,0,0
BRDA:268,39,1,0
BRDA:288,40,0,0
BRDA:288,40,1,0
BRDA:292,41,0,0
BRDA:292,41,1,0
BRDA:305,42,0,0
BRDA:305,42,1,0
BRDA:309,43,0,0
BRDA:309,43,1,0
BRDA:315,44,0,0
BRDA:315,44,1,0
BRDA:345,45,0,0
BRDA:345,45,1,0
BRDA:370,46,0,0
BRDA:370,46,1,0
BRDA:406,47,0,0
BRDA:406,47,1,0
BRDA:406,48,0,0
BRDA:406,48,1,0
BRDA:432,49,0,0
BRDA:432,49,1,0
BRDA:442,50,0,0
BRDA:442,50,1,0
BRDA:446,51,0,0
BRDA:446,51,1,0
BRDA:453,52,0,0
BRDA:453,52,1,0
BRDA:456,53,0,0
BRDA:456,53,1,0
BRDA:459,54,0,0
BRDA:459,54,1,0
BRDA:476,55,0,0
BRDA:476,55,1,0
BRDA:497,56,0,0
BRDA:497,56,1,0
BRDA:498,57,0,0
BRDA:498,57,1,0
BRDA:499,58,0,0
BRDA:499,58,1,0
BRDA:500,59,0,0
BRDA:500,59,1,0
BRDA:514,60,0,0
BRDA:514,60,1,0
BRDA:532,61,0,0
BRDA:532,61,1,0
BRDA:534,62,0,0
BRDA:534,62,1,0
BRF:132
BRH:0
end_of_record
TN:
SF:src\utils\validation.js
FN:21,(anonymous_0)
FN:51,(anonymous_1)
FN:56,(anonymous_2)
FN:59,(anonymous_3)
FN:64,(anonymous_4)
FNF:5
FNH:0
FNDA:0,(anonymous_0)
FNDA:0,(anonymous_1)
FNDA:0,(anonymous_2)
FNDA:0,(anonymous_3)
FNDA:0,(anonymous_4)
DA:3,0
DA:8,0
DA:19,0
DA:21,0
DA:22,0
DA:24,0
DA:25,0
DA:28,0
DA:29,0
DA:32,0
DA:33,0
DA:36,0
DA:37,0
DA:40,0
DA:41,0
DA:44,0
DA:45,0
DA:48,0
DA:51,0
DA:52,0
DA:56,0
DA:59,0
DA:60,0
DA:65,0
DA:66,0
LF:25
LH:0
BRDA:24,0,0,0
BRDA:24,0,1,0
BRDA:28,1,0,0
BRDA:28,1,1,0
BRDA:32,2,0,0
BRDA:32,2,1,0
BRDA:36,3,0,0
BRDA:36,3,1,0
BRDA:40,4,0,0
BRDA:40,4,1,0
BRDA:44,5,0,0
BRDA:44,5,1,0
BRDA:65,6,0,0
BRDA:65,6,1,0
BRF:14
BRH:0
end_of_record
